#
# There is insufficient memory for the Java Runtime Environment to continue.
# Native memory allocation (malloc) failed to allocate 706336 bytes for Chunk::new
# Possible reasons:
#   The system is out of physical RAM or swap space
#   The process is running with CompressedOops enabled, and the Java Heap may be blocking the growth of the native heap
# Possible solutions:
#   Reduce memory load on the system
#   Increase physical memory or swap space
#   Check if swap backing store is full
#   Decrease Java heap size (-Xmx/-Xms)
#   Decrease number of Java threads
#   Decrease Java thread stack sizes (-Xss)
#   Set larger code cache with -XX:ReservedCodeCacheSize=
#   JVM is running with Unscaled Compressed Oops mode in which the Java heap is
#     placed in the first 4GB address space. The Java Heap base address is the
#     maximum limit for the native heap growth. Please use -XX:HeapBaseMinAddress
#     to set the Java Heap base and to place the Java Heap above 4GB virtual address.
# This output file may be truncated or incomplete.
#
#  Out of Memory Error (./open/src/hotspot/share/memory/arena.cpp:197), pid=23840, tid=27712
#
# JRE version: Java(TM) SE Runtime Environment 18.9 (11.0.12+8) (build 11.0.12+8-LTS-237)
# Java VM: Java HotSpot(TM) 64-Bit Server VM 18.9 (11.0.12+8-LTS-237, mixed mode, tiered, compressed oops, g1 gc, windows-amd64)
# No core dump will be written. Minidumps are not enabled by default on client versions of Windows
#

---------------  S U M M A R Y ------------

Command Line: C:\Users\nini\AppData\Local\Temp\surefire13760521266227555596\surefirebooter-20250808172846286_3.jar C:\Users\nini\AppData\Local\Temp\surefire13760521266227555596 2025-08-08T17-28-45_867-jvmRun1 surefire-20250808172846286_1tmp surefire_0-20250808172846286_2tmp

Host: AMD Ryzen 3 4300U with Radeon Graphics         , 4 cores, 7G,  Windows 10 , 64 bit Build 26100 (10.0.26100.4484)
Time: Fri Aug  8 17:28:52 2025 Malay Peninsula Standard Time elapsed time: 5.394778 seconds (0d 0h 0m 5s)

---------------  T H R E A D  ---------------

Current thread (0x000001ad73206000):  JavaThread "C2 CompilerThread0" daemon [_thread_in_native, id=27712, stack(0x00000077c6200000,0x00000077c6300000)]


Current CompileTask:
C2:   5394 2537   !   4       jdk.internal.loader.BuiltinClassLoader::loadClassOrNull (143 bytes)

Stack: [0x00000077c6200000,0x00000077c6300000]
Native frames: (J=compiled Java code, j=interpreted, Vv=VM code, C=native code)
V  [jvm.dll+0x617d9a]
V  [jvm.dll+0x74eeef]
V  [jvm.dll+0x750599]
V  [jvm.dll+0x750c23]
V  [jvm.dll+0x2438d8]
V  [jvm.dll+0xba6dc]
V  [jvm.dll+0xbac9c]
V  [jvm.dll+0x2b4564]
V  [jvm.dll+0x52cc86]
V  [jvm.dll+0x1fe7f7]
V  [jvm.dll+0x1fc1ca]
V  [jvm.dll+0x17f18c]
V  [jvm.dll+0x20b87c]
V  [jvm.dll+0x20997b]
V  [jvm.dll+0x716359]
V  [jvm.dll+0x70f064]
V  [jvm.dll+0x616f66]
C  [ucrtbase.dll+0x37b0]
C  [KERNEL32.DLL+0x2e8d7]
C  [ntdll.dll+0x3c34c]


---------------  P R O C E S S  ---------------

Threads class SMR info:
_java_thread_list=0x000001ad74e31e50, length=22, elements={
0x000001ad548fc800, 0x000001ad728c2800, 0x000001ad728c4000, 0x000001ad728e4000,
0x000001ad73200800, 0x000001ad73202800, 0x000001ad73206000, 0x000001ad7320c000,
0x000001ad7320d800, 0x000001ad733b8800, 0x000001ad73959800, 0x000001ad73a79800,
0x000001ad75de5800, 0x000001ad74563800, 0x000001ad75d17800, 0x000001ad74dd9800,
0x000001ad75e1d800, 0x000001ad75e71800, 0x000001ad74e35000, 0x000001ad74757800,
0x000001ad75f8c800, 0x000001ad75f8d800
}

Java Threads: ( => current thread )
  0x000001ad548fc800 JavaThread "Forwarding newSession on session null to remote" [_thread_blocked, id=14012, stack(0x00000077c5600000,0x00000077c5700000)]
  0x000001ad728c2800 JavaThread "Reference Handler" daemon [_thread_blocked, id=27692, stack(0x00000077c5d00000,0x00000077c5e00000)]
  0x000001ad728c4000 JavaThread "Finalizer" daemon [_thread_blocked, id=15832, stack(0x00000077c5e00000,0x00000077c5f00000)]
  0x000001ad728e4000 JavaThread "Signal Dispatcher" daemon [_thread_blocked, id=12388, stack(0x00000077c5f00000,0x00000077c6000000)]
  0x000001ad73200800 JavaThread "Attach Listener" daemon [_thread_blocked, id=21320, stack(0x00000077c6000000,0x00000077c6100000)]
  0x000001ad73202800 JavaThread "Service Thread" daemon [_thread_blocked, id=12616, stack(0x00000077c6100000,0x00000077c6200000)]
=>0x000001ad73206000 JavaThread "C2 CompilerThread0" daemon [_thread_in_native, id=27712, stack(0x00000077c6200000,0x00000077c6300000)]
  0x000001ad7320c000 JavaThread "C1 CompilerThread0" daemon [_thread_blocked, id=27828, stack(0x00000077c6300000,0x00000077c6400000)]
  0x000001ad7320d800 JavaThread "Sweeper thread" daemon [_thread_blocked, id=5076, stack(0x00000077c6400000,0x00000077c6500000)]
  0x000001ad733b8800 JavaThread "Common-Cleaner" daemon [_thread_blocked, id=2872, stack(0x00000077c6600000,0x00000077c6700000)]
  0x000001ad73959800 JavaThread "surefire-forkedjvm-stream-flusher" daemon [_thread_blocked, id=28096, stack(0x00000077c6700000,0x00000077c6800000)]
  0x000001ad73a79800 JavaThread "surefire-forkedjvm-command-thread" daemon [_thread_in_native, id=10860, stack(0x00000077c6800000,0x00000077c6900000)]
  0x000001ad75de5800 JavaThread "ForkJoinPool.commonPool-worker-3" daemon [_thread_blocked, id=7828, stack(0x00000077c6a00000,0x00000077c6b00000)]
  0x000001ad74563800 JavaThread "AsyncHttpClient-1-1" daemon [_thread_blocked, id=12588, stack(0x00000077c6b00000,0x00000077c6c00000)]
  0x000001ad75d17800 JavaThread "Exec Default Executor" daemon [_thread_in_native, id=15768, stack(0x00000077c6c00000,0x00000077c6d00000)]
  0x000001ad74dd9800 JavaThread "Exec Stream Pumper" daemon [_thread_in_native, id=14064, stack(0x00000077c6d00000,0x00000077c6e00000)]
  0x000001ad75e1d800 JavaThread "Exec Stream Pumper" daemon [_thread_in_native, id=20912, stack(0x00000077c6e00000,0x00000077c6f00000)]
  0x000001ad75e71800 JavaThread "Driver Service Executor" daemon [_thread_blocked, id=27936, stack(0x00000077c6f00000,0x00000077c7000000)]
  0x000001ad74e35000 JavaThread "Driver Service Executor" daemon [_thread_blocked, id=26776, stack(0x00000077c7000000,0x00000077c7100000)]
  0x000001ad74757800 JavaThread "UrlChecker-2" daemon [_thread_blocked, id=28056, stack(0x00000077c7100000,0x00000077c7200000)]
  0x000001ad75f8c800 JavaThread "Keep-Alive-Timer" daemon [_thread_blocked, id=26512, stack(0x00000077c7300000,0x00000077c7400000)]
  0x000001ad75f8d800 JavaThread "AsyncHttpClient-1-2" daemon [_thread_blocked, id=22772, stack(0x00000077c7400000,0x00000077c7500000)]

Other Threads:
  0x000001ad7287c800 VMThread "VM Thread" [stack: 0x00000077c5c00000,0x00000077c5d00000] [id=27904]
  0x000001ad73376000 WatcherThread [stack: 0x00000077c6500000,0x00000077c6600000] [id=300]
  0x000001ad54911000 GCTaskThread "GC Thread#0" [stack: 0x00000077c5700000,0x00000077c5800000] [id=21732]
  0x000001ad73a6e000 GCTaskThread "GC Thread#1" [stack: 0x00000077c6900000,0x00000077c6a00000] [id=14896]
  0x000001ad5493d000 ConcurrentGCThread "G1 Main Marker" [stack: 0x00000077c5800000,0x00000077c5900000] [id=11188]
  0x000001ad5493f000 ConcurrentGCThread "G1 Conc#0" [stack: 0x00000077c5900000,0x00000077c5a00000] [id=13180]
  0x000001ad549bf800 ConcurrentGCThread "G1 Refine#0" [stack: 0x00000077c5a00000,0x00000077c5b00000] [id=26444]
  0x000001ad549c2800 ConcurrentGCThread "G1 Young RemSet Sampling" [stack: 0x00000077c5b00000,0x00000077c5c00000] [id=3240]

Threads with active compile tasks:
C2 CompilerThread0   5419 2537   !   4       jdk.internal.loader.BuiltinClassLoader::loadClassOrNull (143 bytes)

VM state:at safepoint (normal execution)

VM Mutex/Monitor currently owned by a thread:  ([mutex/lock_event])
[0x000001ad548f97c0] Threads_lock - owner thread: 0x000001ad7287c800
[0x000001ad548fbab0] Heap_lock - owner thread: 0x000001ad75f8d800

Heap address: 0x000000008a200000, size: 1886 MB, Compressed Oops mode: 32-bit
Narrow klass base: 0x0000000000000000, Narrow klass shift: 3
Compressed class space size: 1073741824 Address: 0x0000000100000000

Heap:
 garbage-first heap   total 145408K, used 13348K [0x000000008a200000, 0x0000000100000000)
  region size 1024K, 5 young (5120K), 5 survivors (5120K)
 Metaspace       used 34505K, capacity 35793K, committed 35840K, reserved 1081344K
  class space    used 4077K, capacity 4586K, committed 4608K, reserved 1048576K
Heap Regions: E=young(eden), S=young(survivor), O=old, HS=humongous(starts), HC=humongous(continues), CS=collection set, F=free, A=archive, TAMS=top-at-mark-start (previous, next)
|   0|0x000000008a200000, 0x000000008a300000, 0x000000008a300000|100%| O|  |TAMS 0x000000008a300000, 0x000000008a300000| Untracked 
|   1|0x000000008a300000, 0x000000008a400000, 0x000000008a400000|100%| O|  |TAMS 0x000000008a400000, 0x000000008a400000| Untracked 
|   2|0x000000008a400000, 0x000000008a500000, 0x000000008a500000|100%| O|  |TAMS 0x000000008a500000, 0x000000008a500000| Untracked 
|   3|0x000000008a500000, 0x000000008a600000, 0x000000008a600000|100%| O|  |TAMS 0x000000008a600000, 0x000000008a600000| Untracked 
|   4|0x000000008a600000, 0x000000008a700000, 0x000000008a700000|100%| O|  |TAMS 0x000000008a700000, 0x000000008a700000| Untracked 
|   5|0x000000008a700000, 0x000000008a800000, 0x000000008a800000|100%| O|  |TAMS 0x000000008a800000, 0x000000008a800000| Untracked 
|   6|0x000000008a800000, 0x000000008a900000, 0x000000008a900000|100%| O|  |TAMS 0x000000008a8c4e00, 0x000000008a900000| Untracked 
|   7|0x000000008a900000, 0x000000008aa00000, 0x000000008aa00000|100%| O|  |TAMS 0x000000008a900000, 0x000000008aa00000| Untracked 
|   8|0x000000008aa00000, 0x000000008aa09200, 0x000000008ab00000|  3%| O|  |TAMS 0x000000008aa00000, 0x000000008aa09200| Untracked 
|   9|0x000000008ab00000, 0x000000008ab00000, 0x000000008ac00000|  0%| F|  |TAMS 0x000000008ab00000, 0x000000008ab00000| Untracked 
|  10|0x000000008ac00000, 0x000000008ac00000, 0x000000008ad00000|  0%| F|  |TAMS 0x000000008ac00000, 0x000000008ac00000| Untracked 
|  11|0x000000008ad00000, 0x000000008ad00000, 0x000000008ae00000|  0%| F|  |TAMS 0x000000008ad00000, 0x000000008ad00000| Untracked 
|  12|0x000000008ae00000, 0x000000008ae00000, 0x000000008af00000|  0%| F|  |TAMS 0x000000008ae00000, 0x000000008ae00000| Untracked 
|  13|0x000000008af00000, 0x000000008af00000, 0x000000008b000000|  0%| F|  |TAMS 0x000000008af00000, 0x000000008af00000| Untracked 
|  14|0x000000008b000000, 0x000000008b000000, 0x000000008b100000|  0%| F|  |TAMS 0x000000008b000000, 0x000000008b000000| Untracked 
|  15|0x000000008b100000, 0x000000008b100000, 0x000000008b200000|  0%| F|  |TAMS 0x000000008b100000, 0x000000008b100000| Untracked 
|  16|0x000000008b200000, 0x000000008b200000, 0x000000008b300000|  0%| F|  |TAMS 0x000000008b200000, 0x000000008b200000| Untracked 
|  17|0x000000008b300000, 0x000000008b300000, 0x000000008b400000|  0%| F|  |TAMS 0x000000008b300000, 0x000000008b300000| Untracked 
|  18|0x000000008b400000, 0x000000008b400000, 0x000000008b500000|  0%| F|  |TAMS 0x000000008b400000, 0x000000008b400000| Untracked 
|  19|0x000000008b500000, 0x000000008b500000, 0x000000008b600000|  0%| F|  |TAMS 0x000000008b500000, 0x000000008b500000| Untracked 
|  20|0x000000008b600000, 0x000000008b600000, 0x000000008b700000|  0%| F|  |TAMS 0x000000008b600000, 0x000000008b600000| Untracked 
|  21|0x000000008b700000, 0x000000008b700000, 0x000000008b800000|  0%| F|  |TAMS 0x000000008b700000, 0x000000008b700000| Untracked 
|  22|0x000000008b800000, 0x000000008b800000, 0x000000008b900000|  0%| F|  |TAMS 0x000000008b800000, 0x000000008b800000| Untracked 
|  23|0x000000008b900000, 0x000000008b900000, 0x000000008ba00000|  0%| F|  |TAMS 0x000000008b900000, 0x000000008b900000| Untracked 
|  24|0x000000008ba00000, 0x000000008ba00000, 0x000000008bb00000|  0%| F|  |TAMS 0x000000008ba00000, 0x000000008ba00000| Untracked 
|  25|0x000000008bb00000, 0x000000008bb00000, 0x000000008bc00000|  0%| F|  |TAMS 0x000000008bb00000, 0x000000008bb00000| Untracked 
|  26|0x000000008bc00000, 0x000000008bc00000, 0x000000008bd00000|  0%| F|  |TAMS 0x000000008bc00000, 0x000000008bc00000| Untracked 
|  27|0x000000008bd00000, 0x000000008bd00000, 0x000000008be00000|  0%| F|  |TAMS 0x000000008bd00000, 0x000000008bd00000| Untracked 
|  28|0x000000008be00000, 0x000000008be00000, 0x000000008bf00000|  0%| F|  |TAMS 0x000000008be00000, 0x000000008be00000| Untracked 
|  29|0x000000008bf00000, 0x000000008bf00000, 0x000000008c000000|  0%| F|  |TAMS 0x000000008bf00000, 0x000000008bf00000| Untracked 
|  30|0x000000008c000000, 0x000000008c000000, 0x000000008c100000|  0%| F|  |TAMS 0x000000008c000000, 0x000000008c000000| Untracked 
|  31|0x000000008c100000, 0x000000008c100000, 0x000000008c200000|  0%| F|  |TAMS 0x000000008c100000, 0x000000008c100000| Untracked 
|  32|0x000000008c200000, 0x000000008c200000, 0x000000008c300000|  0%| F|  |TAMS 0x000000008c200000, 0x000000008c200000| Untracked 
|  33|0x000000008c300000, 0x000000008c300000, 0x000000008c400000|  0%| F|  |TAMS 0x000000008c300000, 0x000000008c300000| Untracked 
|  34|0x000000008c400000, 0x000000008c400000, 0x000000008c500000|  0%| F|  |TAMS 0x000000008c400000, 0x000000008c400000| Untracked 
|  35|0x000000008c500000, 0x000000008c500000, 0x000000008c600000|  0%| F|  |TAMS 0x000000008c500000, 0x000000008c500000| Untracked 
|  36|0x000000008c600000, 0x000000008c600000, 0x000000008c700000|  0%| F|  |TAMS 0x000000008c600000, 0x000000008c600000| Untracked 
|  37|0x000000008c700000, 0x000000008c700000, 0x000000008c800000|  0%| F|  |TAMS 0x000000008c700000, 0x000000008c700000| Untracked 
|  38|0x000000008c800000, 0x000000008c800000, 0x000000008c900000|  0%| F|  |TAMS 0x000000008c800000, 0x000000008c800000| Untracked 
|  39|0x000000008c900000, 0x000000008c900000, 0x000000008ca00000|  0%| F|  |TAMS 0x000000008c900000, 0x000000008c900000| Untracked 
|  40|0x000000008ca00000, 0x000000008ca00000, 0x000000008cb00000|  0%| F|  |TAMS 0x000000008ca00000, 0x000000008ca00000| Untracked 
|  41|0x000000008cb00000, 0x000000008cb00000, 0x000000008cc00000|  0%| F|  |TAMS 0x000000008cb00000, 0x000000008cb00000| Untracked 
|  42|0x000000008cc00000, 0x000000008cc00000, 0x000000008cd00000|  0%| F|  |TAMS 0x000000008cc00000, 0x000000008cc00000| Untracked 
|  43|0x000000008cd00000, 0x000000008cd00000, 0x000000008ce00000|  0%| F|  |TAMS 0x000000008cd00000, 0x000000008cd00000| Untracked 
|  44|0x000000008ce00000, 0x000000008ce00000, 0x000000008cf00000|  0%| F|  |TAMS 0x000000008ce00000, 0x000000008ce00000| Untracked 
|  45|0x000000008cf00000, 0x000000008cf00000, 0x000000008d000000|  0%| F|  |TAMS 0x000000008cf00000, 0x000000008cf00000| Untracked 
|  46|0x000000008d000000, 0x000000008d000000, 0x000000008d100000|  0%| F|  |TAMS 0x000000008d000000, 0x000000008d000000| Untracked 
|  47|0x000000008d100000, 0x000000008d100000, 0x000000008d200000|  0%| F|  |TAMS 0x000000008d100000, 0x000000008d100000| Untracked 
|  48|0x000000008d200000, 0x000000008d200000, 0x000000008d300000|  0%| F|  |TAMS 0x000000008d200000, 0x000000008d200000| Untracked 
|  49|0x000000008d300000, 0x000000008d300000, 0x000000008d400000|  0%| F|  |TAMS 0x000000008d300000, 0x000000008d300000| Untracked 
|  50|0x000000008d400000, 0x000000008d400000, 0x000000008d500000|  0%| F|  |TAMS 0x000000008d400000, 0x000000008d400000| Untracked 
|  51|0x000000008d500000, 0x000000008d500000, 0x000000008d600000|  0%| F|  |TAMS 0x000000008d500000, 0x000000008d500000| Untracked 
|  52|0x000000008d600000, 0x000000008d600000, 0x000000008d700000|  0%| F|  |TAMS 0x000000008d600000, 0x000000008d600000| Untracked 
|  53|0x000000008d700000, 0x000000008d700000, 0x000000008d800000|  0%| F|  |TAMS 0x000000008d700000, 0x000000008d700000| Untracked 
|  54|0x000000008d800000, 0x000000008d800000, 0x000000008d900000|  0%| F|  |TAMS 0x000000008d800000, 0x000000008d800000| Untracked 
|  55|0x000000008d900000, 0x000000008d900000, 0x000000008da00000|  0%| F|  |TAMS 0x000000008d900000, 0x000000008d900000| Untracked 
|  56|0x000000008da00000, 0x000000008da00000, 0x000000008db00000|  0%| F|  |TAMS 0x000000008da00000, 0x000000008da00000| Untracked 
|  57|0x000000008db00000, 0x000000008db00000, 0x000000008dc00000|  0%| F|  |TAMS 0x000000008db00000, 0x000000008db00000| Untracked 
|  58|0x000000008dc00000, 0x000000008dc00000, 0x000000008dd00000|  0%| F|  |TAMS 0x000000008dc00000, 0x000000008dc00000| Untracked 
|  59|0x000000008dd00000, 0x000000008dd00000, 0x000000008de00000|  0%| F|  |TAMS 0x000000008dd00000, 0x000000008dd00000| Untracked 
|  60|0x000000008de00000, 0x000000008de00000, 0x000000008df00000|  0%| F|  |TAMS 0x000000008de00000, 0x000000008de00000| Untracked 
|  61|0x000000008df00000, 0x000000008df00000, 0x000000008e000000|  0%| F|  |TAMS 0x000000008df00000, 0x000000008df00000| Untracked 
|  62|0x000000008e000000, 0x000000008e000000, 0x000000008e100000|  0%| F|  |TAMS 0x000000008e000000, 0x000000008e000000| Untracked 
|  63|0x000000008e100000, 0x000000008e100000, 0x000000008e200000|  0%| F|  |TAMS 0x000000008e100000, 0x000000008e100000| Untracked 
|  64|0x000000008e200000, 0x000000008e200000, 0x000000008e300000|  0%| F|  |TAMS 0x000000008e200000, 0x000000008e200000| Untracked 
|  65|0x000000008e300000, 0x000000008e300000, 0x000000008e400000|  0%| F|  |TAMS 0x000000008e300000, 0x000000008e300000| Untracked 
|  66|0x000000008e400000, 0x000000008e400000, 0x000000008e500000|  0%| F|  |TAMS 0x000000008e400000, 0x000000008e400000| Untracked 
|  67|0x000000008e500000, 0x000000008e500000, 0x000000008e600000|  0%| F|  |TAMS 0x000000008e500000, 0x000000008e500000| Untracked 
|  68|0x000000008e600000, 0x000000008e600000, 0x000000008e700000|  0%| F|  |TAMS 0x000000008e600000, 0x000000008e600000| Untracked 
|  69|0x000000008e700000, 0x000000008e700000, 0x000000008e800000|  0%| F|  |TAMS 0x000000008e700000, 0x000000008e700000| Untracked 
|  70|0x000000008e800000, 0x000000008e800000, 0x000000008e900000|  0%| F|  |TAMS 0x000000008e800000, 0x000000008e800000| Untracked 
|  71|0x000000008e900000, 0x000000008e900000, 0x000000008ea00000|  0%| F|  |TAMS 0x000000008e900000, 0x000000008e900000| Untracked 
|  72|0x000000008ea00000, 0x000000008ea00000, 0x000000008eb00000|  0%| F|  |TAMS 0x000000008ea00000, 0x000000008ea00000| Untracked 
|  73|0x000000008eb00000, 0x000000008eb00000, 0x000000008ec00000|  0%| F|  |TAMS 0x000000008eb00000, 0x000000008eb00000| Untracked 
|  74|0x000000008ec00000, 0x000000008ec00000, 0x000000008ed00000|  0%| F|  |TAMS 0x000000008ec00000, 0x000000008ec00000| Untracked 
|  75|0x000000008ed00000, 0x000000008ed00000, 0x000000008ee00000|  0%| F|  |TAMS 0x000000008ed00000, 0x000000008ed00000| Untracked 
|  76|0x000000008ee00000, 0x000000008ee00000, 0x000000008ef00000|  0%| F|  |TAMS 0x000000008ee00000, 0x000000008ee00000| Untracked 
|  77|0x000000008ef00000, 0x000000008ef00000, 0x000000008f000000|  0%| F|  |TAMS 0x000000008ef00000, 0x000000008ef00000| Untracked 
|  78|0x000000008f000000, 0x000000008f000000, 0x000000008f100000|  0%| F|  |TAMS 0x000000008f000000, 0x000000008f000000| Untracked 
|  79|0x000000008f100000, 0x000000008f100000, 0x000000008f200000|  0%| F|  |TAMS 0x000000008f100000, 0x000000008f100000| Untracked 
|  80|0x000000008f200000, 0x000000008f200000, 0x000000008f300000|  0%| F|  |TAMS 0x000000008f200000, 0x000000008f200000| Untracked 
|  81|0x000000008f300000, 0x000000008f300000, 0x000000008f400000|  0%| F|  |TAMS 0x000000008f300000, 0x000000008f300000| Untracked 
|  82|0x000000008f400000, 0x000000008f400000, 0x000000008f500000|  0%| F|  |TAMS 0x000000008f400000, 0x000000008f400000| Untracked 
|  83|0x000000008f500000, 0x000000008f500000, 0x000000008f600000|  0%| F|  |TAMS 0x000000008f500000, 0x000000008f500000| Untracked 
|  84|0x000000008f600000, 0x000000008f600000, 0x000000008f700000|  0%| F|  |TAMS 0x000000008f600000, 0x000000008f600000| Untracked 
|  85|0x000000008f700000, 0x000000008f700000, 0x000000008f800000|  0%| F|  |TAMS 0x000000008f700000, 0x000000008f700000| Untracked 
|  86|0x000000008f800000, 0x000000008f800000, 0x000000008f900000|  0%| F|  |TAMS 0x000000008f800000, 0x000000008f800000| Untracked 
|  87|0x000000008f900000, 0x000000008f900000, 0x000000008fa00000|  0%| F|  |TAMS 0x000000008f900000, 0x000000008f900000| Untracked 
|  88|0x000000008fa00000, 0x000000008fa00000, 0x000000008fb00000|  0%| F|  |TAMS 0x000000008fa00000, 0x000000008fa00000| Untracked 
|  89|0x000000008fb00000, 0x000000008fb00000, 0x000000008fc00000|  0%| F|  |TAMS 0x000000008fb00000, 0x000000008fb00000| Untracked 
|  90|0x000000008fc00000, 0x000000008fc00000, 0x000000008fd00000|  0%| F|  |TAMS 0x000000008fc00000, 0x000000008fc00000| Untracked 
|  91|0x000000008fd00000, 0x000000008fd00000, 0x000000008fe00000|  0%| F|  |TAMS 0x000000008fd00000, 0x000000008fd00000| Untracked 
|  92|0x000000008fe00000, 0x000000008fe00000, 0x000000008ff00000|  0%| F|  |TAMS 0x000000008fe00000, 0x000000008fe00000| Untracked 
|  93|0x000000008ff00000, 0x000000008ff00000, 0x0000000090000000|  0%| F|  |TAMS 0x000000008ff00000, 0x000000008ff00000| Untracked 
|  94|0x0000000090000000, 0x0000000090000000, 0x0000000090100000|  0%| F|  |TAMS 0x0000000090000000, 0x0000000090000000| Untracked 
|  95|0x0000000090100000, 0x0000000090200000, 0x0000000090200000|100%| S|CS|TAMS 0x0000000090100000, 0x0000000090100000| Complete 
|  96|0x0000000090200000, 0x0000000090300000, 0x0000000090300000|100%| S|CS|TAMS 0x0000000090200000, 0x0000000090200000| Complete 
|  97|0x0000000090300000, 0x0000000090400000, 0x0000000090400000|100%| S|CS|TAMS 0x0000000090300000, 0x0000000090300000| Complete 
|  98|0x0000000090400000, 0x0000000090500000, 0x0000000090500000|100%| S|CS|TAMS 0x0000000090400000, 0x0000000090400000| Complete 
|  99|0x0000000090500000, 0x0000000090600000, 0x0000000090600000|100%| S|CS|TAMS 0x0000000090500000, 0x0000000090500000| Complete 
| 100|0x0000000090600000, 0x0000000090600000, 0x0000000090700000|  0%| F|  |TAMS 0x0000000090600000, 0x0000000090600000| Untracked 
| 101|0x0000000090700000, 0x0000000090700000, 0x0000000090800000|  0%| F|  |TAMS 0x0000000090700000, 0x0000000090700000| Untracked 
| 102|0x0000000090800000, 0x0000000090800000, 0x0000000090900000|  0%| F|  |TAMS 0x0000000090800000, 0x0000000090800000| Untracked 
| 103|0x0000000090900000, 0x0000000090900000, 0x0000000090a00000|  0%| F|  |TAMS 0x0000000090900000, 0x0000000090900000| Untracked 
| 104|0x0000000090a00000, 0x0000000090a00000, 0x0000000090b00000|  0%| F|  |TAMS 0x0000000090a00000, 0x0000000090a00000| Untracked 
| 105|0x0000000090b00000, 0x0000000090b00000, 0x0000000090c00000|  0%| F|  |TAMS 0x0000000090b00000, 0x0000000090b00000| Untracked 
| 106|0x0000000090c00000, 0x0000000090c00000, 0x0000000090d00000|  0%| F|  |TAMS 0x0000000090c00000, 0x0000000090c00000| Untracked 
| 107|0x0000000090d00000, 0x0000000090d00000, 0x0000000090e00000|  0%| F|  |TAMS 0x0000000090d00000, 0x0000000090d00000| Untracked 
| 108|0x0000000090e00000, 0x0000000090e00000, 0x0000000090f00000|  0%| F|  |TAMS 0x0000000090e00000, 0x0000000090e00000| Untracked 
| 109|0x0000000090f00000, 0x0000000090f00000, 0x0000000091000000|  0%| F|  |TAMS 0x0000000090f00000, 0x0000000090f00000| Untracked 
| 110|0x0000000091000000, 0x0000000091000000, 0x0000000091100000|  0%| F|  |TAMS 0x0000000091000000, 0x0000000091000000| Untracked 
| 111|0x0000000091100000, 0x0000000091100000, 0x0000000091200000|  0%| F|  |TAMS 0x0000000091100000, 0x0000000091100000| Untracked 
| 112|0x0000000091200000, 0x0000000091200000, 0x0000000091300000|  0%| F|  |TAMS 0x0000000091200000, 0x0000000091200000| Untracked 
| 113|0x0000000091300000, 0x0000000091300000, 0x0000000091400000|  0%| F|  |TAMS 0x0000000091300000, 0x0000000091300000| Untracked 
| 114|0x0000000091400000, 0x0000000091400000, 0x0000000091500000|  0%| F|  |TAMS 0x0000000091400000, 0x0000000091400000| Untracked 
| 115|0x0000000091500000, 0x0000000091500000, 0x0000000091600000|  0%| F|  |TAMS 0x0000000091500000, 0x0000000091500000| Untracked 
| 116|0x0000000091600000, 0x0000000091600000, 0x0000000091700000|  0%| F|  |TAMS 0x0000000091600000, 0x0000000091600000| Untracked 
| 117|0x0000000091700000, 0x0000000091700000, 0x0000000091800000|  0%| F|  |TAMS 0x0000000091700000, 0x0000000091700000| Untracked 

Card table byte_map: [0x000001ad6c160000,0x000001ad6c510000] _byte_map_base: 0x000001ad6bd0f000

Marking Bits (Prev, Next): (CMBitMap*) 0x000001ad527ce8e0, (CMBitMap*) 0x000001ad527ce8a8
 Prev Bits: [0x000001ad6e640000, 0x000001ad703b8000)
 Next Bits: [0x000001ad6c8c0000, 0x000001ad6e638000)

Polling page: 0x000001ad52a50000

Metaspace:

Usage:
  Non-class:     30.48 MB capacity,    29.71 MB ( 98%) used,   635.30 KB (  2%) free+waste,   143.69 KB ( <1%) overhead. 
      Class:      4.48 MB capacity,     3.98 MB ( 89%) used,   436.91 KB ( 10%) free+waste,    72.06 KB (  2%) overhead. 
       Both:     34.95 MB capacity,    33.70 MB ( 96%) used,     1.05 MB (  3%) free+waste,   215.75 KB ( <1%) overhead. 

Virtual space:
  Non-class space:       32.00 MB reserved,      30.50 MB ( 95%) committed 
      Class space:        1.00 GB reserved,       4.50 MB ( <1%) committed 
             Both:        1.03 GB reserved,      35.00 MB (  3%) committed 

Chunk freelists:
   Non-Class:  3.13 KB
       Class:  2.75 KB
        Both:  5.88 KB

CodeHeap 'non-profiled nmethods': size=120064Kb used=1144Kb max_used=1144Kb free=118919Kb
 bounds [0x000001ad64870000, 0x000001ad64ae0000, 0x000001ad6bdb0000]
CodeHeap 'profiled nmethods': size=120000Kb used=5102Kb max_used=5102Kb free=114897Kb
 bounds [0x000001ad5d340000, 0x000001ad5d840000, 0x000001ad64870000]
CodeHeap 'non-nmethods': size=5696Kb used=1210Kb max_used=1224Kb free=4485Kb
 bounds [0x000001ad5cdb0000, 0x000001ad5d020000, 0x000001ad5d340000]
 total_blobs=3110 nmethods=2539 adapters=482
 compilation: enabled
              stopped_count=0, restarted_count=0
 full_count=0

Compilation events (10 events):
Event: 5.299 Thread 0x000001ad7320c000 2534       3       java.lang.reflect.Method::getExceptionTypes (11 bytes)
Event: 5.299 Thread 0x000001ad7320c000 nmethod 2534 0x000001ad5d83a790 code [0x000001ad5d83a940, 0x000001ad5d83abe8]
Event: 5.310 Thread 0x000001ad73206000 nmethod 2535 0x000001ad6498cb90 code [0x000001ad6498cd80, 0x000001ad6498d868]
Event: 5.310 Thread 0x000001ad73206000 2537   !   4       jdk.internal.loader.BuiltinClassLoader::loadClassOrNull (143 bytes)
Event: 5.320 Thread 0x000001ad7320c000 2538       3       java.lang.CharacterData::of (120 bytes)
Event: 5.321 Thread 0x000001ad7320c000 nmethod 2538 0x000001ad5d83ad10 code [0x000001ad5d83af00, 0x000001ad5d83b5d8]
Event: 5.321 Thread 0x000001ad7320c000 2539       1       java.lang.CharacterDataUndefined::isWhitespace (2 bytes)
Event: 5.321 Thread 0x000001ad7320c000 nmethod 2539 0x000001ad6498e010 code [0x000001ad6498e1a0, 0x000001ad6498e258]
Event: 5.321 Thread 0x000001ad7320c000 2540       3       java.lang.Character::isISOControl (25 bytes)
Event: 5.321 Thread 0x000001ad7320c000 nmethod 2540 0x000001ad5d83b790 code [0x000001ad5d83b940, 0x000001ad5d83baf8]

GC Heap History (10 events):
Event: 0.814 GC heap after
{Heap after GC invocations=2 (full 0):
 garbage-first heap   total 120832K, used 7309K [0x000000008a200000, 0x0000000100000000)
  region size 1024K, 1 young (1024K), 1 survivors (1024K)
 Metaspace       used 11162K, capacity 11320K, committed 11392K, reserved 1058816K
  class space    used 1043K, capacity 1094K, committed 1152K, reserved 1048576K
}
Event: 1.502 GC heap before
{Heap before GC invocations=2 (full 0):
 garbage-first heap   total 120832K, used 30861K [0x000000008a200000, 0x0000000100000000)
  region size 1024K, 24 young (24576K), 1 survivors (1024K)
 Metaspace       used 15375K, capacity 15982K, committed 16256K, reserved 1062912K
  class space    used 1597K, capacity 1888K, committed 1920K, reserved 1048576K
}
Event: 1.505 GC heap after
{Heap after GC invocations=3 (full 0):
 garbage-first heap   total 120832K, used 8349K [0x000000008a200000, 0x0000000100000000)
  region size 1024K, 2 young (2048K), 2 survivors (2048K)
 Metaspace       used 15375K, capacity 15982K, committed 16256K, reserved 1062912K
  class space    used 1597K, capacity 1888K, committed 1920K, reserved 1048576K
}
Event: 1.878 GC heap before
{Heap before GC invocations=3 (full 0):
 garbage-first heap   total 120832K, used 54429K [0x000000008a200000, 0x0000000100000000)
  region size 1024K, 47 young (48128K), 2 survivors (2048K)
 Metaspace       used 20092K, capacity 20781K, committed 20992K, reserved 1067008K
  class space    used 2140K, capacity 2449K, committed 2560K, reserved 1048576K
}
Event: 1.881 GC heap after
{Heap after GC invocations=4 (full 0):
 garbage-first heap   total 120832K, used 9199K [0x000000008a200000, 0x0000000100000000)
  region size 1024K, 3 young (3072K), 3 survivors (3072K)
 Metaspace       used 20092K, capacity 20781K, committed 20992K, reserved 1067008K
  class space    used 2140K, capacity 2449K, committed 2560K, reserved 1048576K
}
Event: 1.945 GC heap before
{Heap before GC invocations=4 (full 0):
 garbage-first heap   total 120832K, used 14319K [0x000000008a200000, 0x0000000100000000)
  region size 1024K, 9 young (9216K), 3 survivors (3072K)
 Metaspace       used 20511K, capacity 21198K, committed 21248K, reserved 1069056K
  class space    used 2208K, capacity 2525K, committed 2560K, reserved 1048576K
}
Event: 1.949 GC heap after
{Heap after GC invocations=5 (full 0):
 garbage-first heap   total 120832K, used 9540K [0x000000008a200000, 0x0000000100000000)
  region size 1024K, 3 young (3072K), 3 survivors (3072K)
 Metaspace       used 20511K, capacity 21198K, committed 21248K, reserved 1069056K
  class space    used 2208K, capacity 2525K, committed 2560K, reserved 1048576K
}
Event: 4.206 GC heap before
{Heap before GC invocations=6 (full 0):
 garbage-first heap   total 120832K, used 75076K [0x000000008a200000, 0x0000000100000000)
  region size 1024K, 67 young (68608K), 3 survivors (3072K)
 Metaspace       used 31547K, capacity 32671K, committed 32896K, reserved 1077248K
  class space    used 3685K, capacity 4158K, committed 4224K, reserved 1048576K
}
Event: 4.215 GC heap after
{Heap after GC invocations=7 (full 0):
 garbage-first heap   total 120832K, used 12711K [0x000000008a200000, 0x0000000100000000)
  region size 1024K, 6 young (6144K), 6 survivors (6144K)
 Metaspace       used 31547K, capacity 32671K, committed 32896K, reserved 1077248K
  class space    used 3685K, capacity 4158K, committed 4224K, reserved 1048576K
}
Event: 5.338 GC heap before
{Heap before GC invocations=7 (full 0):
 garbage-first heap   total 120832K, used 30119K [0x000000008a200000, 0x0000000100000000)
  region size 1024K, 24 young (24576K), 6 survivors (6144K)
 Metaspace       used 34505K, capacity 35793K, committed 35840K, reserved 1081344K
  class space    used 4077K, capacity 4586K, committed 4608K, reserved 1048576K
}

Deoptimization events (10 events):
Event: 3.822 Thread 0x000001ad548fc800 Uncommon trap: reason=bimorphic_or_optimized_type_check action=maybe_recompile pc=0x000001ad648b7a74 method=java.util.HashMap.putVal(ILjava/lang/Object;Ljava/lang/Object;ZZ)Ljava/lang/Object; @ 203 c2
Event: 3.822 Thread 0x000001ad548fc800 Uncommon trap: reason=bimorphic_or_optimized_type_check action=maybe_recompile pc=0x000001ad648b7a74 method=java.util.HashMap.putVal(ILjava/lang/Object;Ljava/lang/Object;ZZ)Ljava/lang/Object; @ 203 c2
Event: 3.852 Thread 0x000001ad548fc800 Uncommon trap: reason=unstable_if action=reinterpret pc=0x000001ad649117e0 method=java.lang.StringLatin1.regionMatchesCI([BI[BII)Z @ 66 c2
Event: 3.854 Thread 0x000001ad548fc800 Uncommon trap: reason=bimorphic_or_optimized_type_check action=maybe_recompile pc=0x000001ad64933400 method=java.net.URL.<init>(Ljava/net/URL;Ljava/lang/String;Ljava/net/URLStreamHandler;)V @ 504 c2
Event: 4.193 Thread 0x000001ad548fc800 Uncommon trap: reason=unstable_if action=reinterpret pc=0x000001ad648fc910 method=java.lang.String.replace(CC)Ljava/lang/String; @ 2 c2
Event: 4.261 Thread 0x000001ad75e71800 Uncommon trap: reason=bimorphic_or_optimized_type_check action=maybe_recompile pc=0x000001ad64933400 method=java.net.URL.<init>(Ljava/net/URL;Ljava/lang/String;Ljava/net/URLStreamHandler;)V @ 504 c2
Event: 4.272 Thread 0x000001ad74757800 Uncommon trap: reason=unstable_if action=reinterpret pc=0x000001ad64966ec8 method=java.lang.CharacterDataLatin1.digit(II)I @ 12 c2
Event: 4.797 Thread 0x000001ad74757800 Uncommon trap: reason=unstable_if action=reinterpret pc=0x000001ad649672c4 method=java.lang.CharacterDataLatin1.digit(II)I @ 12 c2
Event: 4.857 Thread 0x000001ad548fc800 Uncommon trap: reason=unstable_if action=reinterpret pc=0x000001ad64979898 method=java.io.ByteArrayInputStream.read([BII)I @ 35 c2
Event: 5.320 Thread 0x000001ad75f8d800 Uncommon trap: reason=unstable_if action=reinterpret pc=0x000001ad64884e64 method=java.lang.CharacterData.of(I)Ljava/lang/CharacterData; @ 4 c2

Classes redefined (0 events):
No events

Internal exceptions (10 events):
Event: 3.627 Thread 0x000001ad548fc800 Exception <a 'java/lang/IncompatibleClassChangeError'{0x000000008f6cbce0}: Found class java.lang.Object, but interface was expected> (0x000000008f6cbce0) thrown at [./open/src/hotspot/share/interpreter/linkResolver.cpp, line 838]
Event: 3.848 Thread 0x000001ad548fc800 Exception <a 'sun/nio/fs/WindowsException'{0x000000008ea45b10}> (0x000000008ea45b10) thrown at [./open/src/hotspot/share/prims/jni.cpp, line 611]
Event: 3.858 Thread 0x000001ad548fc800 Exception <a 'java/lang/NoSuchMethodError'{0x000000008ea63c70}: java.lang.invoke.DirectMethodHandle$Holder.invokeStaticInit(Ljava/lang/Object;Ljava/lang/Object;Ljava/lang/Object;Ljava/lang/Object;)I> (0x000000008ea63c70) thrown at [./open/src/hotspot/shar
Event: 4.179 Thread 0x000001ad548fc800 Exception <a 'java/lang/IncompatibleClassChangeError'{0x000000008d7f0c80}: Found class java.lang.Object, but interface was expected> (0x000000008d7f0c80) thrown at [./open/src/hotspot/share/interpreter/linkResolver.cpp, line 838]
Event: 4.180 Thread 0x000001ad548fc800 Exception <a 'java/lang/NoSuchMethodError'{0x000000008d7f91b8}: java.lang.invoke.DirectMethodHandle$Holder.invokeSpecialIFC(Ljava/lang/Object;Ljava/lang/Object;Ljava/lang/Object;Ljava/lang/Object;)I> (0x000000008d7f91b8) thrown at [./open/src/hotspot/shar
Event: 4.781 Thread 0x000001ad74757800 Exception <a 'java/net/SocketTimeoutException'{0x00000000917f7f60}: connect timed out> (0x00000000917f7f60) thrown at [./open/src/hotspot/share/prims/jni.cpp, line 632]
Event: 4.836 Thread 0x000001ad548fc800 Exception <a 'java/lang/NoSuchMethodError'{0x0000000091573f68}: java.lang.invoke.Invokers$Holder.linkToTargetMethod(Ljava/lang/Object;IILjava/lang/Object;)Ljava/lang/Object;> (0x0000000091573f68) thrown at [./open/src/hotspot/share/interpreter/linkResolve
Event: 4.836 Thread 0x000001ad548fc800 Exception <a 'java/lang/NoSuchMethodError'{0x0000000091577070}: java.lang.invoke.DirectMethodHandle$Holder.invokeStatic(Ljava/lang/Object;Ljava/lang/Object;I)V> (0x0000000091577070) thrown at [./open/src/hotspot/share/interpreter/linkResolver.cpp, line 77
Event: 4.893 Thread 0x000001ad548fc800 Exception <a 'java/lang/NoSuchMethodError'{0x0000000091211b98}: java.lang.invoke.DirectMethodHandle$Holder.invokeSpecialIFC(Ljava/lang/Object;Ljava/lang/Object;Ljava/lang/Object;)I> (0x0000000091211b98) thrown at [./open/src/hotspot/share/interpreter/link
Event: 4.974 Thread 0x000001ad548fc800 Exception <a 'java/lang/NoSuchMethodError'{0x0000000090d986c8}: java.lang.invoke.DirectMethodHandle$Holder.invokeSpecial(Ljava/lang/Object;Ljava/lang/Object;Ljava/lang/Object;Ljava/lang/Object;Ljava/lang/Object;Ljava/lang/Object;)V> (0x0000000090d986c8) t

Events (10 events):
Event: 5.335 loading class io/netty/buffer/SwappedByteBuf done
Event: 5.336 loading class io/netty/util/internal/ReferenceCountUpdater
Event: 5.336 loading class io/netty/util/internal/ReferenceCountUpdater done
Event: 5.337 loading class io/netty/buffer/AbstractReferenceCountedByteBuf$1
Event: 5.337 loading class io/netty/buffer/AbstractReferenceCountedByteBuf$1 done
Event: 5.338 loading class io/netty/buffer/UnsafeHeapSwappedByteBuf
Event: 5.338 loading class io/netty/buffer/UnsafeHeapSwappedByteBuf done
Event: 5.338 loading class io/netty/buffer/AbstractUnsafeSwappedByteBuf
Event: 5.338 loading class io/netty/buffer/AbstractUnsafeSwappedByteBuf done
Event: 5.338 Executing VM operation: CollectForMetadataAllocation


Dynamic libraries:
0x00007ff631310000 - 0x00007ff63131f000 	C:\Program Files\Java\jdk-11.0.12\bin\java.exe
0x00007ffb33f40000 - 0x00007ffb341a8000 	C:\WINDOWS\SYSTEM32\ntdll.dll
0x00007ffb327b0000 - 0x00007ffb32879000 	C:\WINDOWS\System32\KERNEL32.DLL
0x00007ffb31580000 - 0x00007ffb3196d000 	C:\WINDOWS\System32\KERNELBASE.dll
0x00007ffb311d0000 - 0x00007ffb3131b000 	C:\WINDOWS\System32\ucrtbase.dll
0x00007ffb24e00000 - 0x00007ffb24e18000 	C:\Program Files\Java\jdk-11.0.12\bin\jli.dll
0x00007ffb237a0000 - 0x00007ffb237b5000 	C:\Program Files\Java\jdk-11.0.12\bin\VCRUNTIME140.dll
0x00007ffb32470000 - 0x00007ffb32524000 	C:\WINDOWS\System32\ADVAPI32.dll
0x00007ffb33250000 - 0x00007ffb332f9000 	C:\WINDOWS\System32\msvcrt.dll
0x00007ffb33160000 - 0x00007ffb33206000 	C:\WINDOWS\System32\sechost.dll
0x00007ffb32d90000 - 0x00007ffb32ea8000 	C:\WINDOWS\System32\RPCRT4.dll
0x00007ffb335d0000 - 0x00007ffb3379c000 	C:\WINDOWS\System32\USER32.dll
0x00007ffb313d0000 - 0x00007ffb313f7000 	C:\WINDOWS\System32\win32u.dll
0x00007ffb32780000 - 0x00007ffb327ab000 	C:\WINDOWS\System32\GDI32.dll
0x00007ffb20360000 - 0x00007ffb205fa000 	C:\WINDOWS\WinSxS\amd64_microsoft.windows.common-controls_6595b64144ccf1df_6.0.26100.4484_none_3e0e6d4ce32ef3b3\COMCTL32.dll
0x00007ffb31090000 - 0x00007ffb311c7000 	C:\WINDOWS\System32\gdi32full.dll
0x00007ffb31320000 - 0x00007ffb313c3000 	C:\WINDOWS\System32\msvcp_win.dll
0x00007ffb29850000 - 0x00007ffb2985b000 	C:\WINDOWS\SYSTEM32\VERSION.dll
0x00007ffb33210000 - 0x00007ffb3323f000 	C:\WINDOWS\System32\IMM32.DLL
0x00007ffb06150000 - 0x00007ffb061eb000 	C:\Program Files\Java\jdk-11.0.12\bin\msvcp140.dll
0x00007ffa89330000 - 0x00007ffa89e2f000 	C:\Program Files\Java\jdk-11.0.12\bin\server\jvm.dll
0x00007ffb31d50000 - 0x00007ffb31d58000 	C:\WINDOWS\System32\PSAPI.DLL
0x00007ffb176e0000 - 0x00007ffb176ea000 	C:\WINDOWS\SYSTEM32\WSOCK32.dll
0x00007ffb333e0000 - 0x00007ffb33454000 	C:\WINDOWS\System32\WS2_32.dll
0x00007ffb29810000 - 0x00007ffb29845000 	C:\WINDOWS\SYSTEM32\WINMM.dll
0x00007ffb2fdd0000 - 0x00007ffb2fdeb000 	C:\WINDOWS\SYSTEM32\kernel.appcore.dll
0x00007ffb2db90000 - 0x00007ffb2dba0000 	C:\Program Files\Java\jdk-11.0.12\bin\verify.dll
0x00007ffb2e900000 - 0x00007ffb2eb41000 	C:\WINDOWS\SYSTEM32\DBGHELP.DLL
0x00007ffb31d60000 - 0x00007ffb320e6000 	C:\WINDOWS\System32\combase.dll
0x00007ffb33490000 - 0x00007ffb33570000 	C:\WINDOWS\System32\OLEAUT32.dll
0x00007ffb1b6d0000 - 0x00007ffb1b713000 	C:\WINDOWS\SYSTEM32\dbgcore.DLL
0x00007ffb31970000 - 0x00007ffb31a09000 	C:\WINDOWS\System32\bcryptPrimitives.dll
0x00007ffb21ec0000 - 0x00007ffb21ee8000 	C:\Program Files\Java\jdk-11.0.12\bin\java.dll
0x00007ffb2d9b0000 - 0x00007ffb2d9ba000 	C:\Program Files\Java\jdk-11.0.12\bin\jimage.dll
0x00007ffb22910000 - 0x00007ffb22926000 	C:\Program Files\Java\jdk-11.0.12\bin\zip.dll
0x00007ffb337b0000 - 0x00007ffb33efa000 	C:\WINDOWS\System32\SHELL32.dll
0x00007ffb31b60000 - 0x00007ffb31cd4000 	C:\WINDOWS\System32\wintypes.dll
0x00007ffb2ecd0000 - 0x00007ffb2f52b000 	C:\WINDOWS\SYSTEM32\windows.storage.dll
0x00007ffb325c0000 - 0x00007ffb326b5000 	C:\WINDOWS\System32\SHCORE.dll
0x00007ffb31ce0000 - 0x00007ffb31d4a000 	C:\WINDOWS\System32\shlwapi.dll
0x00007ffb30fa0000 - 0x00007ffb30fcf000 	C:\WINDOWS\SYSTEM32\profapi.dll
0x00007ffb21ca0000 - 0x00007ffb21cb9000 	C:\Program Files\Java\jdk-11.0.12\bin\net.dll
0x00007ffb26a60000 - 0x00007ffb26b7e000 	C:\WINDOWS\SYSTEM32\WINHTTP.dll
0x00007ffb303c0000 - 0x00007ffb3042a000 	C:\WINDOWS\system32\mswsock.dll
0x00007ffb21c80000 - 0x00007ffb21c92000 	C:\Program Files\Java\jdk-11.0.12\bin\nio.dll
0x00007ffb29900000 - 0x00007ffb29909000 	C:\Program Files\Java\jdk-11.0.12\bin\management.dll
0x00007ffb24f20000 - 0x00007ffb24f2b000 	C:\Program Files\Java\jdk-11.0.12\bin\management_ext.dll
0x00007ffb30680000 - 0x00007ffb3069b000 	C:\WINDOWS\SYSTEM32\CRYPTSP.dll
0x00007ffb2fd90000 - 0x00007ffb2fdcb000 	C:\WINDOWS\system32\rsaenh.dll
0x00007ffb30460000 - 0x00007ffb3048b000 	C:\WINDOWS\SYSTEM32\USERENV.dll
0x00007ffb30f70000 - 0x00007ffb30f96000 	C:\WINDOWS\SYSTEM32\bcrypt.dll
0x00007ffb30670000 - 0x00007ffb3067c000 	C:\WINDOWS\SYSTEM32\CRYPTBASE.dll
0x00007ffb2f840000 - 0x00007ffb2f873000 	C:\WINDOWS\SYSTEM32\IPHLPAPI.DLL
0x00007ffb32770000 - 0x00007ffb3277a000 	C:\WINDOWS\System32\NSI.dll
0x00007ffb26be0000 - 0x00007ffb26bff000 	C:\WINDOWS\SYSTEM32\dhcpcsvc6.DLL
0x00007ffb26bb0000 - 0x00007ffb26bd5000 	C:\WINDOWS\SYSTEM32\dhcpcsvc.DLL
0x00007ffb2f8d0000 - 0x00007ffb2f9f6000 	C:\WINDOWS\SYSTEM32\DNSAPI.dll
0x00007ffaa34b0000 - 0x00007ffaa34c8000 	C:\WINDOWS\system32\napinsp.dll
0x00007ffaa3490000 - 0x00007ffaa34a2000 	C:\WINDOWS\System32\winrnr.dll
0x00007ffb211d0000 - 0x00007ffb21200000 	C:\WINDOWS\system32\nlansp_c.dll
0x00007ffb25220000 - 0x00007ffb25240000 	C:\WINDOWS\system32\wshbth.dll
0x00007ffb23b70000 - 0x00007ffb23b7b000 	C:\Windows\System32\rasadhlp.dll
0x00007ffb24a30000 - 0x00007ffb24ab6000 	C:\WINDOWS\System32\fwpuclnt.dll
0x00007ffb2dce0000 - 0x00007ffb2dd7e000 	C:\WINDOWS\system32\apphelp.dll
0x00007ffb24ee0000 - 0x00007ffb24eed000 	C:\Program Files\Java\jdk-11.0.12\bin\sunmscapi.dll
0x00007ffb31400000 - 0x00007ffb31577000 	C:\WINDOWS\System32\CRYPT32.dll
0x00007ffb30810000 - 0x00007ffb30840000 	C:\WINDOWS\SYSTEM32\ncrypt.dll
0x00007ffb307c0000 - 0x00007ffb307ff000 	C:\WINDOWS\SYSTEM32\NTASN1.dll
0x00007ffb1b0a0000 - 0x00007ffb1b0c5000 	C:\Program Files\Java\jdk-11.0.12\bin\sunec.dll

dbghelp: loaded successfully - version: 4.0.5 - missing functions: none
symbol engine: initialized successfully - sym options: 0x614 - pdb path: .;C:\Program Files\Java\jdk-11.0.12\bin;C:\WINDOWS\SYSTEM32;C:\WINDOWS\WinSxS\amd64_microsoft.windows.common-controls_6595b64144ccf1df_6.0.26100.4484_none_3e0e6d4ce32ef3b3;C:\Program Files\Java\jdk-11.0.12\bin\server

VM Arguments:
java_command: C:\Users\nini\AppData\Local\Temp\surefire13760521266227555596\surefirebooter-20250808172846286_3.jar C:\Users\nini\AppData\Local\Temp\surefire13760521266227555596 2025-08-08T17-28-45_867-jvmRun1 surefire-20250808172846286_1tmp surefire_0-20250808172846286_2tmp
java_class_path (initial): C:\Users\nini\AppData\Local\Temp\surefire13760521266227555596\surefirebooter-20250808172846286_3.jar
Launcher Type: SUN_STANDARD

[Global flags]
     intx CICompilerCount                          = 3                                         {product} {ergonomic}
     uint ConcGCThreads                            = 1                                         {product} {ergonomic}
     uint G1ConcRefinementThreads                  = 4                                         {product} {ergonomic}
   size_t G1HeapRegionSize                         = 1048576                                   {product} {ergonomic}
    uintx GCDrainStackTargetSize                   = 64                                        {product} {ergonomic}
   size_t InitialHeapSize                          = 123731968                                 {product} {ergonomic}
   size_t MarkStackSize                            = 4194304                                   {product} {ergonomic}
   size_t MaxHeapSize                              = 1977614336                                {product} {ergonomic}
   size_t MaxNewSize                               = 1185939456                                {product} {ergonomic}
   size_t MinHeapDeltaBytes                        = 1048576                                   {product} {ergonomic}
    uintx NonNMethodCodeHeapSize                   = 5830732                                {pd product} {ergonomic}
    uintx NonProfiledCodeHeapSize                  = 122913754                              {pd product} {ergonomic}
    uintx ProfiledCodeHeapSize                     = 122913754                              {pd product} {ergonomic}
    uintx ReservedCodeCacheSize                    = 251658240                              {pd product} {ergonomic}
     bool SegmentedCodeCache                       = true                                      {product} {ergonomic}
     bool UseCompressedClassPointers               = true                                 {lp64_product} {ergonomic}
     bool UseCompressedOops                        = true                                 {lp64_product} {ergonomic}
     bool UseG1GC                                  = true                                      {product} {ergonomic}
     bool UseLargePagesIndividualAllocation        = false                                  {pd product} {ergonomic}

Logging:
Log output configuration:
 #0: stdout all=warning uptime,level,tags
 #1: stderr all=off uptime,level,tags

Environment Variables:
PATH=C:\Program Files\Common Files\Oracle\Java\javapath;C:\Program Files (x86)\Common Files\Oracle\Java\javapath;C:\WINDOWS\system32;C:\WINDOWS;C:\WINDOWS\System32\Wbem;C:\WINDOWS\System32\WindowsPowerShell\v1.0\;C:\WINDOWS\System32\OpenSSH\;C:\Program Files (x86)\HP\Common\HPDestPlgIn\;C:\Program Files\Java\jdk-11.0.12\bin;C:\Program Files\dotnet\;C:\Users\nini\Downloads\apache-maven-3.9.11-bin\apache-maven-3.9.11\bin;C:\Users\nini\Downloads\allure-2.34.1\allure-2.34.1\bin;C:\Users\nini\AppData\Local\Programs\Python\Python313\Scripts\;C:\Users\nini\AppData\Local\Programs\Python\Python313\;C:\Users\nini\AppData\Local\Microsoft\WindowsApps;
USERNAME=nini
OS=Windows_NT
PROCESSOR_IDENTIFIER=AMD64 Family 23 Model 96 Stepping 1, AuthenticAMD



---------------  S Y S T E M  ---------------

OS: Windows 10 , 64 bit Build 26100 (10.0.26100.4484)
Hyper-V role detected

CPU:total 4 (initial active 4) (4 cores per cpu, 1 threads per core) family 23 model 96 stepping 1 microcode 0x8600106, cmov, cx8, fxsr, mmx, sse, sse2, sse3, ssse3, sse4.1, sse4.2, popcnt, avx, avx2, aes, clmul, mmxext, 3dnowpref, lzcnt, sse4a, tsc, tscinvbit, tscinv, bmi1, bmi2, adx,

Memory: 4k page, system-wide physical 7543M (591M free)
TotalPageFile size 16292M (AvailPageFile size 2M)
current process WorkingSet (physical memory assigned to process): 178M, peak: 180M
current process commit charge ("private bytes"): 270M, peak: 270M

vm_info: Java HotSpot(TM) 64-Bit Server VM (11.0.12+8-LTS-237) for windows-amd64 JRE (11.0.12+8-LTS-237), built on Jun  8 2021 11:25:59 by "mach5one" with MS VC++ 15.9 (VS2017)

END.
