#
# There is insufficient memory for the Java Runtime Environment to continue.
# Native memory allocation (malloc) failed to allocate 32744 bytes for ChunkPool::allocate
# Possible reasons:
#   The system is out of physical RAM or swap space
#   The process is running with CompressedOops enabled, and the Java Heap may be blocking the growth of the native heap
# Possible solutions:
#   Reduce memory load on the system
#   Increase physical memory or swap space
#   Check if swap backing store is full
#   Decrease Java heap size (-Xmx/-Xms)
#   Decrease number of Java threads
#   Decrease Java thread stack sizes (-Xss)
#   Set larger code cache with -XX:ReservedCodeCacheSize=
#   JVM is running with Unscaled Compressed Oops mode in which the Java heap is
#     placed in the first 4GB address space. The Java Heap base address is the
#     maximum limit for the native heap growth. Please use -XX:HeapBaseMinAddress
#     to set the Java Heap base and to place the Java Heap above 4GB virtual address.
# This output file may be truncated or incomplete.
#
#  Out of Memory Error (./open/src/hotspot/share/memory/arena.cpp:81), pid=4112, tid=19044
#
# JRE version: Java(TM) SE Runtime Environment 18.9 (11.0.12+8) (build 11.0.12+8-LTS-237)
# Java VM: Java HotSpot(TM) 64-Bit Server VM 18.9 (11.0.12+8-LTS-237, mixed mode, tiered, compressed oops, g1 gc, windows-amd64)
# No core dump will be written. Minidumps are not enabled by default on client versions of Windows
#

---------------  S U M M A R Y ------------

Command Line: -Dclassworlds.conf=C:\Users\nini\Downloads\apache-maven-3.9.11-bin\apache-maven-3.9.11\bin\m2.conf -Dmaven.home=C:\Users\nini\Downloads\apache-maven-3.9.11-bin\apache-maven-3.9.11 -Dlibrary.jansi.path=C:\Users\nini\Downloads\apache-maven-3.9.11-bin\apache-maven-3.9.11\lib\jansi-native -Dmaven.multiModuleProjectDirectory=C:\Users\nini\IdeaProjects\EmployeeLogin org.codehaus.plexus.classworlds.launcher.Launcher clean test

Host: AMD Ryzen 3 4300U with Radeon Graphics         , 4 cores, 7G,  Windows 10 , 64 bit Build 26100 (10.0.26100.4484)
Time: Fri Aug  8 17:28:52 2025 Malay Peninsula Standard Time elapsed time: 14.514106 seconds (0d 0h 0m 14s)

---------------  T H R E A D  ---------------

Current thread (0x000001ffb6bdc000):  JavaThread "C2 CompilerThread0" daemon [_thread_in_native, id=19044, stack(0x0000009fe8500000,0x0000009fe8600000)]


Current CompileTask:
C2:  14514 6947       4       java.lang.Character::codePointAt (51 bytes)

Stack: [0x0000009fe8500000,0x0000009fe8600000]
Native frames: (J=compiled Java code, j=interpreted, Vv=VM code, C=native code)
V  [jvm.dll+0x617d9a]
V  [jvm.dll+0x74eeef]
V  [jvm.dll+0x750599]
V  [jvm.dll+0x750c23]
V  [jvm.dll+0x2438d8]
V  [jvm.dll+0xba93b]
V  [jvm.dll+0xbac9c]
V  [jvm.dll+0x5f7023]
V  [jvm.dll+0x5aebca]
V  [jvm.dll+0x5ad86e]
V  [jvm.dll+0x1fcfa7]
V  [jvm.dll+0x1fc2ed]
V  [jvm.dll+0x17f18c]
V  [jvm.dll+0x20b87c]
V  [jvm.dll+0x20997b]
V  [jvm.dll+0x716359]
V  [jvm.dll+0x70f064]
V  [jvm.dll+0x616f66]
C  [ucrtbase.dll+0x37b0]
C  [KERNEL32.DLL+0x2e8d7]
C  [ntdll.dll+0x3c34c]


---------------  P R O C E S S  ---------------

Threads class SMR info:
_java_thread_list=0x000001ffbbcb4b10, length=17, elements={
0x000001ff96cc6800, 0x000001ffb6baf800, 0x000001ffb6bb9800, 0x000001ffb6bcc000,
0x000001ffb6bce000, 0x000001ffb6bd2000, 0x000001ffb6bdc000, 0x000001ffb6bdd000,
0x000001ffb6be3800, 0x000001ffb76c6800, 0x000001ffb8d45800, 0x000001ffbaa85000,
0x000001ffb7aaf800, 0x000001ffb831e800, 0x000001ffba0f8000, 0x000001ffbc153800,
0x000001ffb7b12800
}

Java Threads: ( => current thread )
  0x000001ff96cc6800 JavaThread "main" [_thread_in_native, id=20840, stack(0x0000009fe7900000,0x0000009fe7a00000)]
  0x000001ffb6baf800 JavaThread "Reference Handler" daemon [_thread_blocked, id=10660, stack(0x0000009fe8000000,0x0000009fe8100000)]
  0x000001ffb6bb9800 JavaThread "Finalizer" daemon [_thread_blocked, id=11204, stack(0x0000009fe8100000,0x0000009fe8200000)]
  0x000001ffb6bcc000 JavaThread "Signal Dispatcher" daemon [_thread_blocked, id=4016, stack(0x0000009fe8200000,0x0000009fe8300000)]
  0x000001ffb6bce000 JavaThread "Attach Listener" daemon [_thread_blocked, id=25056, stack(0x0000009fe8300000,0x0000009fe8400000)]
  0x000001ffb6bd2000 JavaThread "Service Thread" daemon [_thread_blocked, id=12992, stack(0x0000009fe8400000,0x0000009fe8500000)]
=>0x000001ffb6bdc000 JavaThread "C2 CompilerThread0" daemon [_thread_in_native, id=19044, stack(0x0000009fe8500000,0x0000009fe8600000)]
  0x000001ffb6bdd000 JavaThread "C1 CompilerThread0" daemon [_thread_blocked, id=7908, stack(0x0000009fe8600000,0x0000009fe8700000)]
  0x000001ffb6be3800 JavaThread "Sweeper thread" daemon [_thread_blocked, id=13092, stack(0x0000009fe8700000,0x0000009fe8800000)]
  0x000001ffb76c6800 JavaThread "Common-Cleaner" daemon [_thread_blocked, id=23832, stack(0x0000009fe8900000,0x0000009fe8a00000)]
  0x000001ffb8d45800 JavaThread "Thread-1" daemon [_thread_blocked, id=13932, stack(0x0000009fe8c00000,0x0000009fe8d00000)]
  0x000001ffbaa85000 JavaThread "timeout-check-timer" daemon [_thread_blocked, id=27476, stack(0x0000009fe8a00000,0x0000009fe8b00000)]
  0x000001ffb7aaf800 JavaThread "ping-timer-10s" daemon [_thread_blocked, id=19760, stack(0x0000009fe8e00000,0x0000009fe8f00000)]
  0x000001ffb831e800 JavaThread "ThreadedStreamConsumer" daemon [_thread_blocked, id=22524, stack(0x0000009fe8f00000,0x0000009fe9000000)]
  0x000001ffba0f8000 JavaThread "fork-1-err-thread" daemon [_thread_in_native, id=11712, stack(0x0000009fe9000000,0x0000009fe9100000)]
  0x000001ffbc153800 JavaThread "commands-fork-1" daemon [_thread_blocked, id=24712, stack(0x0000009fe9100000,0x0000009fe9200000)]
  0x000001ffb7b12800 JavaThread "fork-1-event-thread" daemon [_thread_in_native, id=14356, stack(0x0000009fe9200000,0x0000009fe9300000)]

Other Threads:
  0x000001ffb6b89000 VMThread "VM Thread" [stack: 0x0000009fe7f00000,0x0000009fe8000000] [id=2272]
  0x000001ffb76bf000 WatcherThread [stack: 0x0000009fe8800000,0x0000009fe8900000] [id=29464]
  0x000001ff96cdc800 GCTaskThread "GC Thread#0" [stack: 0x0000009fe7a00000,0x0000009fe7b00000] [id=18852]
  0x000001ffb7bed800 GCTaskThread "GC Thread#1" [stack: 0x0000009fe8b00000,0x0000009fe8c00000] [id=15204]
  0x000001ffba625000 GCTaskThread "GC Thread#2" [stack: 0x0000009fe8d00000,0x0000009fe8e00000] [id=18452]
  0x000001ff96d0b800 ConcurrentGCThread "G1 Main Marker" [stack: 0x0000009fe7b00000,0x0000009fe7c00000] [id=22396]
  0x000001ff96d0e800 ConcurrentGCThread "G1 Conc#0" [stack: 0x0000009fe7c00000,0x0000009fe7d00000] [id=14024]
  0x000001ff96d8f800 ConcurrentGCThread "G1 Refine#0" [stack: 0x0000009fe7d00000,0x0000009fe7e00000] [id=19968]
  0x000001ff96d93000 ConcurrentGCThread "G1 Young RemSet Sampling" [stack: 0x0000009fe7e00000,0x0000009fe7f00000] [id=16412]

Threads with active compile tasks:
C2 CompilerThread0  14528 6947       4       java.lang.Character::codePointAt (51 bytes)

VM state:not at safepoint (normal execution)

VM Mutex/Monitor currently owned by a thread: None

Heap address: 0x000000008a200000, size: 1886 MB, Compressed Oops mode: 32-bit
Narrow klass base: 0x0000000000000000, Narrow klass shift: 3
Compressed class space size: 1073741824 Address: 0x0000000100000000

Heap:
 garbage-first heap   total 145408K, used 57808K [0x000000008a200000, 0x0000000100000000)
  region size 1024K, 10 young (10240K), 3 survivors (3072K)
 Metaspace       used 39858K, capacity 40771K, committed 41088K, reserved 1085440K
  class space    used 4256K, capacity 4634K, committed 4736K, reserved 1048576K
Heap Regions: E=young(eden), S=young(survivor), O=old, HS=humongous(starts), HC=humongous(continues), CS=collection set, F=free, A=archive, TAMS=top-at-mark-start (previous, next)
|   0|0x000000008a200000, 0x000000008a300000, 0x000000008a300000|100%| O|  |TAMS 0x000000008a300000, 0x000000008a200000| Untracked 
|   1|0x000000008a300000, 0x000000008a400000, 0x000000008a400000|100%| O|  |TAMS 0x000000008a400000, 0x000000008a300000| Untracked 
|   2|0x000000008a400000, 0x000000008a500000, 0x000000008a500000|100%| O|  |TAMS 0x000000008a500000, 0x000000008a400000| Untracked 
|   3|0x000000008a500000, 0x000000008a600000, 0x000000008a600000|100%| O|  |TAMS 0x000000008a600000, 0x000000008a500000| Untracked 
|   4|0x000000008a600000, 0x000000008a700000, 0x000000008a700000|100%| O|  |TAMS 0x000000008a700000, 0x000000008a600000| Untracked 
|   5|0x000000008a700000, 0x000000008a800000, 0x000000008a800000|100%| O|  |TAMS 0x000000008a800000, 0x000000008a700000| Untracked 
|   6|0x000000008a800000, 0x000000008a900000, 0x000000008a900000|100%| O|  |TAMS 0x000000008a900000, 0x000000008a800000| Untracked 
|   7|0x000000008a900000, 0x000000008aa00000, 0x000000008aa00000|100%| O|  |TAMS 0x000000008aa00000, 0x000000008a900000| Untracked 
|   8|0x000000008aa00000, 0x000000008ab00000, 0x000000008ab00000|100%| O|  |TAMS 0x000000008ab00000, 0x000000008aa00000| Untracked 
|   9|0x000000008ab00000, 0x000000008ac00000, 0x000000008ac00000|100%| O|  |TAMS 0x000000008ac00000, 0x000000008ab00000| Untracked 
|  10|0x000000008ac00000, 0x000000008ad00000, 0x000000008ad00000|100%| O|  |TAMS 0x000000008ad00000, 0x000000008ac00000| Untracked 
|  11|0x000000008ad00000, 0x000000008ae00000, 0x000000008ae00000|100%| O|  |TAMS 0x000000008ae00000, 0x000000008ad00000| Untracked 
|  12|0x000000008ae00000, 0x000000008af00000, 0x000000008af00000|100%| O|  |TAMS 0x000000008af00000, 0x000000008ae00000| Untracked 
|  13|0x000000008af00000, 0x000000008b000000, 0x000000008b000000|100%| O|  |TAMS 0x000000008b000000, 0x000000008af00000| Untracked 
|  14|0x000000008b000000, 0x000000008b100000, 0x000000008b100000|100%| O|  |TAMS 0x000000008b100000, 0x000000008b000000| Untracked 
|  15|0x000000008b100000, 0x000000008b200000, 0x000000008b200000|100%| O|  |TAMS 0x000000008b200000, 0x000000008b100000| Untracked 
|  16|0x000000008b200000, 0x000000008b300000, 0x000000008b300000|100%| O|  |TAMS 0x000000008b300000, 0x000000008b200000| Untracked 
|  17|0x000000008b300000, 0x000000008b400000, 0x000000008b400000|100%| O|  |TAMS 0x000000008b400000, 0x000000008b300000| Untracked 
|  18|0x000000008b400000, 0x000000008b500000, 0x000000008b500000|100%| O|  |TAMS 0x000000008b500000, 0x000000008b400000| Untracked 
|  19|0x000000008b500000, 0x000000008b600000, 0x000000008b600000|100%| O|  |TAMS 0x000000008b600000, 0x000000008b500000| Untracked 
|  20|0x000000008b600000, 0x000000008b700000, 0x000000008b700000|100%| O|  |TAMS 0x000000008b700000, 0x000000008b600000| Untracked 
|  21|0x000000008b700000, 0x000000008b800000, 0x000000008b800000|100%| O|  |TAMS 0x000000008b800000, 0x000000008b700000| Untracked 
|  22|0x000000008b800000, 0x000000008b900000, 0x000000008b900000|100%| O|  |TAMS 0x000000008b900000, 0x000000008b800000| Untracked 
|  23|0x000000008b900000, 0x000000008ba00000, 0x000000008ba00000|100%| O|  |TAMS 0x000000008ba00000, 0x000000008b900000| Untracked 
|  24|0x000000008ba00000, 0x000000008bb00000, 0x000000008bb00000|100%| O|  |TAMS 0x000000008bb00000, 0x000000008ba00000| Untracked 
|  25|0x000000008bb00000, 0x000000008bc00000, 0x000000008bc00000|100%| O|  |TAMS 0x000000008bc00000, 0x000000008bb00000| Untracked 
|  26|0x000000008bc00000, 0x000000008bd00000, 0x000000008bd00000|100%| O|  |TAMS 0x000000008bd00000, 0x000000008bc00000| Untracked 
|  27|0x000000008bd00000, 0x000000008be00000, 0x000000008be00000|100%| O|  |TAMS 0x000000008be00000, 0x000000008bd00000| Untracked 
|  28|0x000000008be00000, 0x000000008bf00000, 0x000000008bf00000|100%| O|  |TAMS 0x000000008bf00000, 0x000000008be00000| Untracked 
|  29|0x000000008bf00000, 0x000000008c000000, 0x000000008c000000|100%| O|  |TAMS 0x000000008c000000, 0x000000008bf00000| Untracked 
|  30|0x000000008c000000, 0x000000008c100000, 0x000000008c100000|100%| O|  |TAMS 0x000000008c100000, 0x000000008c000000| Untracked 
|  31|0x000000008c100000, 0x000000008c200000, 0x000000008c200000|100%| O|  |TAMS 0x000000008c100000, 0x000000008c100000| Untracked 
|  32|0x000000008c200000, 0x000000008c300000, 0x000000008c300000|100%| O|  |TAMS 0x000000008c200000, 0x000000008c200000| Untracked 
|  33|0x000000008c300000, 0x000000008c400000, 0x000000008c400000|100%| O|  |TAMS 0x000000008c300000, 0x000000008c300000| Untracked 
|  34|0x000000008c400000, 0x000000008c500000, 0x000000008c500000|100%| O|  |TAMS 0x000000008c400000, 0x000000008c400000| Untracked 
|  35|0x000000008c500000, 0x000000008c600000, 0x000000008c600000|100%| O|  |TAMS 0x000000008c500000, 0x000000008c500000| Untracked 
|  36|0x000000008c600000, 0x000000008c700000, 0x000000008c700000|100%| O|  |TAMS 0x000000008c600000, 0x000000008c600000| Untracked 
|  37|0x000000008c700000, 0x000000008c800000, 0x000000008c800000|100%| O|  |TAMS 0x000000008c700000, 0x000000008c700000| Untracked 
|  38|0x000000008c800000, 0x000000008c900000, 0x000000008c900000|100%| O|  |TAMS 0x000000008c800000, 0x000000008c800000| Untracked 
|  39|0x000000008c900000, 0x000000008ca00000, 0x000000008ca00000|100%| O|  |TAMS 0x000000008c900000, 0x000000008c900000| Untracked 
|  40|0x000000008ca00000, 0x000000008cb00000, 0x000000008cb00000|100%| O|  |TAMS 0x000000008ca00000, 0x000000008ca00000| Untracked 
|  41|0x000000008cb00000, 0x000000008cc00000, 0x000000008cc00000|100%| O|  |TAMS 0x000000008cb00000, 0x000000008cb00000| Untracked 
|  42|0x000000008cc00000, 0x000000008cd00000, 0x000000008cd00000|100%| O|  |TAMS 0x000000008cc00000, 0x000000008cc00000| Untracked 
|  43|0x000000008cd00000, 0x000000008ce00000, 0x000000008ce00000|100%| O|  |TAMS 0x000000008cd00000, 0x000000008cd00000| Untracked 
|  44|0x000000008ce00000, 0x000000008cf00000, 0x000000008cf00000|100%| O|  |TAMS 0x000000008ce00000, 0x000000008ce00000| Untracked 
|  45|0x000000008cf00000, 0x000000008d000000, 0x000000008d000000|100%| O|  |TAMS 0x000000008cf00000, 0x000000008cf00000| Untracked 
|  46|0x000000008d000000, 0x000000008d100000, 0x000000008d100000|100%| O|  |TAMS 0x000000008d000000, 0x000000008d000000| Untracked 
|  47|0x000000008d100000, 0x000000008d1e4800, 0x000000008d200000| 89%| O|  |TAMS 0x000000008d100000, 0x000000008d100000| Untracked 
|  48|0x000000008d200000, 0x000000008d200000, 0x000000008d300000|  0%| F|  |TAMS 0x000000008d200000, 0x000000008d200000| Untracked 
|  49|0x000000008d300000, 0x000000008d300000, 0x000000008d400000|  0%| F|  |TAMS 0x000000008d300000, 0x000000008d300000| Untracked 
|  50|0x000000008d400000, 0x000000008d400000, 0x000000008d500000|  0%| F|  |TAMS 0x000000008d400000, 0x000000008d400000| Untracked 
|  51|0x000000008d500000, 0x000000008d500000, 0x000000008d600000|  0%| F|  |TAMS 0x000000008d500000, 0x000000008d500000| Untracked 
|  52|0x000000008d600000, 0x000000008d600000, 0x000000008d700000|  0%| F|  |TAMS 0x000000008d600000, 0x000000008d600000| Untracked 
|  53|0x000000008d700000, 0x000000008d700000, 0x000000008d800000|  0%| F|  |TAMS 0x000000008d700000, 0x000000008d700000| Untracked 
|  54|0x000000008d800000, 0x000000008d800000, 0x000000008d900000|  0%| F|  |TAMS 0x000000008d800000, 0x000000008d800000| Untracked 
|  55|0x000000008d900000, 0x000000008d900000, 0x000000008da00000|  0%| F|  |TAMS 0x000000008d900000, 0x000000008d900000| Untracked 
|  56|0x000000008da00000, 0x000000008da00000, 0x000000008db00000|  0%| F|  |TAMS 0x000000008da00000, 0x000000008da00000| Untracked 
|  57|0x000000008db00000, 0x000000008db00000, 0x000000008dc00000|  0%| F|  |TAMS 0x000000008db00000, 0x000000008db00000| Untracked 
|  58|0x000000008dc00000, 0x000000008dc00000, 0x000000008dd00000|  0%| F|  |TAMS 0x000000008dc00000, 0x000000008dc00000| Untracked 
|  59|0x000000008dd00000, 0x000000008dd00000, 0x000000008de00000|  0%| F|  |TAMS 0x000000008dd00000, 0x000000008dd00000| Untracked 
|  60|0x000000008de00000, 0x000000008de00000, 0x000000008df00000|  0%| F|  |TAMS 0x000000008de00000, 0x000000008de00000| Untracked 
|  61|0x000000008df00000, 0x000000008df00000, 0x000000008e000000|  0%| F|  |TAMS 0x000000008df00000, 0x000000008df00000| Untracked 
|  62|0x000000008e000000, 0x000000008e000000, 0x000000008e100000|  0%| F|  |TAMS 0x000000008e000000, 0x000000008e000000| Untracked 
|  63|0x000000008e100000, 0x000000008e100000, 0x000000008e200000|  0%| F|  |TAMS 0x000000008e100000, 0x000000008e100000| Untracked 
|  64|0x000000008e200000, 0x000000008e200000, 0x000000008e300000|  0%| F|  |TAMS 0x000000008e200000, 0x000000008e200000| Untracked 
|  65|0x000000008e300000, 0x000000008e300000, 0x000000008e400000|  0%| F|  |TAMS 0x000000008e300000, 0x000000008e300000| Untracked 
|  66|0x000000008e400000, 0x000000008e400000, 0x000000008e500000|  0%| F|  |TAMS 0x000000008e400000, 0x000000008e400000| Untracked 
|  67|0x000000008e500000, 0x000000008e500000, 0x000000008e600000|  0%| F|  |TAMS 0x000000008e500000, 0x000000008e500000| Untracked 
|  68|0x000000008e600000, 0x000000008e600000, 0x000000008e700000|  0%| F|  |TAMS 0x000000008e600000, 0x000000008e600000| Untracked 
|  69|0x000000008e700000, 0x000000008e700000, 0x000000008e800000|  0%| F|  |TAMS 0x000000008e700000, 0x000000008e700000| Untracked 
|  70|0x000000008e800000, 0x000000008e800000, 0x000000008e900000|  0%| F|  |TAMS 0x000000008e800000, 0x000000008e800000| Untracked 
|  71|0x000000008e900000, 0x000000008e900000, 0x000000008ea00000|  0%| F|  |TAMS 0x000000008e900000, 0x000000008e900000| Untracked 
|  72|0x000000008ea00000, 0x000000008ea00000, 0x000000008eb00000|  0%| F|  |TAMS 0x000000008ea00000, 0x000000008ea00000| Untracked 
|  73|0x000000008eb00000, 0x000000008eb00000, 0x000000008ec00000|  0%| F|  |TAMS 0x000000008eb00000, 0x000000008eb00000| Untracked 
|  74|0x000000008ec00000, 0x000000008ec00000, 0x000000008ed00000|  0%| F|  |TAMS 0x000000008ec00000, 0x000000008ec00000| Untracked 
|  75|0x000000008ed00000, 0x000000008ed00000, 0x000000008ee00000|  0%| F|  |TAMS 0x000000008ed00000, 0x000000008ed00000| Untracked 
|  76|0x000000008ee00000, 0x000000008ee00000, 0x000000008ef00000|  0%| F|  |TAMS 0x000000008ee00000, 0x000000008ee00000| Untracked 
|  77|0x000000008ef00000, 0x000000008ef00000, 0x000000008f000000|  0%| F|  |TAMS 0x000000008ef00000, 0x000000008ef00000| Untracked 
|  78|0x000000008f000000, 0x000000008f000000, 0x000000008f100000|  0%| F|  |TAMS 0x000000008f000000, 0x000000008f000000| Untracked 
|  79|0x000000008f100000, 0x000000008f100000, 0x000000008f200000|  0%| F|  |TAMS 0x000000008f100000, 0x000000008f100000| Untracked 
|  80|0x000000008f200000, 0x000000008f200000, 0x000000008f300000|  0%| F|  |TAMS 0x000000008f200000, 0x000000008f200000| Untracked 
|  81|0x000000008f300000, 0x000000008f300000, 0x000000008f400000|  0%| F|  |TAMS 0x000000008f300000, 0x000000008f300000| Untracked 
|  82|0x000000008f400000, 0x000000008f400000, 0x000000008f500000|  0%| F|  |TAMS 0x000000008f400000, 0x000000008f400000| Untracked 
|  83|0x000000008f500000, 0x000000008f500000, 0x000000008f600000|  0%| F|  |TAMS 0x000000008f500000, 0x000000008f500000| Untracked 
|  84|0x000000008f600000, 0x000000008f600000, 0x000000008f700000|  0%| F|  |TAMS 0x000000008f600000, 0x000000008f600000| Untracked 
|  85|0x000000008f700000, 0x000000008f700000, 0x000000008f800000|  0%| F|  |TAMS 0x000000008f700000, 0x000000008f700000| Untracked 
|  86|0x000000008f800000, 0x000000008f800000, 0x000000008f900000|  0%| F|  |TAMS 0x000000008f800000, 0x000000008f800000| Untracked 
|  87|0x000000008f900000, 0x000000008f900000, 0x000000008fa00000|  0%| F|  |TAMS 0x000000008f900000, 0x000000008f900000| Untracked 
|  88|0x000000008fa00000, 0x000000008fa00000, 0x000000008fb00000|  0%| F|  |TAMS 0x000000008fa00000, 0x000000008fa00000| Untracked 
|  89|0x000000008fb00000, 0x000000008fb00000, 0x000000008fc00000|  0%| F|  |TAMS 0x000000008fb00000, 0x000000008fb00000| Untracked 
|  90|0x000000008fc00000, 0x000000008fc00000, 0x000000008fd00000|  0%| F|  |TAMS 0x000000008fc00000, 0x000000008fc00000| Untracked 
|  91|0x000000008fd00000, 0x000000008fd00000, 0x000000008fe00000|  0%| F|  |TAMS 0x000000008fd00000, 0x000000008fd00000| Untracked 
|  92|0x000000008fe00000, 0x000000008fe00000, 0x000000008ff00000|  0%| F|  |TAMS 0x000000008fe00000, 0x000000008fe00000| Untracked 
|  93|0x000000008ff00000, 0x000000008ff00000, 0x0000000090000000|  0%| F|  |TAMS 0x000000008ff00000, 0x000000008ff00000| Untracked 
|  94|0x0000000090000000, 0x0000000090000000, 0x0000000090100000|  0%| F|  |TAMS 0x0000000090000000, 0x0000000090000000| Untracked 
|  95|0x0000000090100000, 0x000000009018f9f0, 0x0000000090200000| 56%| S|CS|TAMS 0x0000000090100000, 0x0000000090100000| Complete 
|  96|0x0000000090200000, 0x0000000090300000, 0x0000000090300000|100%| S|CS|TAMS 0x0000000090200000, 0x0000000090200000| Complete 
|  97|0x0000000090300000, 0x0000000090400000, 0x0000000090400000|100%| S|CS|TAMS 0x0000000090300000, 0x0000000090300000| Complete 
|  98|0x0000000090400000, 0x0000000090400000, 0x0000000090500000|  0%| F|  |TAMS 0x0000000090400000, 0x0000000090400000| Untracked 
|  99|0x0000000090500000, 0x0000000090500000, 0x0000000090600000|  0%| F|  |TAMS 0x0000000090500000, 0x0000000090500000| Untracked 
| 100|0x0000000090600000, 0x0000000090600000, 0x0000000090700000|  0%| F|  |TAMS 0x0000000090600000, 0x0000000090600000| Untracked 
| 101|0x0000000090700000, 0x0000000090700000, 0x0000000090800000|  0%| F|  |TAMS 0x0000000090700000, 0x0000000090700000| Untracked 
| 102|0x0000000090800000, 0x0000000090800000, 0x0000000090900000|  0%| F|  |TAMS 0x0000000090800000, 0x0000000090800000| Untracked 
| 103|0x0000000090900000, 0x0000000090900000, 0x0000000090a00000|  0%| F|  |TAMS 0x0000000090900000, 0x0000000090900000| Untracked 
| 104|0x0000000090a00000, 0x0000000090a00000, 0x0000000090b00000|  0%| F|  |TAMS 0x0000000090a00000, 0x0000000090a00000| Untracked 
| 105|0x0000000090b00000, 0x0000000090b00000, 0x0000000090c00000|  0%| F|  |TAMS 0x0000000090b00000, 0x0000000090b00000| Untracked 
| 106|0x0000000090c00000, 0x0000000090c00000, 0x0000000090d00000|  0%| F|  |TAMS 0x0000000090c00000, 0x0000000090c00000| Untracked 
| 107|0x0000000090d00000, 0x0000000090d00000, 0x0000000090e00000|  0%| F|  |TAMS 0x0000000090d00000, 0x0000000090d00000| Untracked 
| 108|0x0000000090e00000, 0x0000000090e00000, 0x0000000090f00000|  0%| F|  |TAMS 0x0000000090e00000, 0x0000000090e00000| Untracked 
| 109|0x0000000090f00000, 0x0000000090f00000, 0x0000000091000000|  0%| F|  |TAMS 0x0000000090f00000, 0x0000000090f00000| Untracked 
| 110|0x0000000091000000, 0x0000000091000000, 0x0000000091100000|  0%| F|  |TAMS 0x0000000091000000, 0x0000000091000000| Untracked 
| 111|0x0000000091100000, 0x0000000091100000, 0x0000000091200000|  0%| F|  |TAMS 0x0000000091100000, 0x0000000091100000| Untracked 
| 112|0x0000000091200000, 0x0000000091200000, 0x0000000091300000|  0%| F|  |TAMS 0x0000000091200000, 0x0000000091200000| Untracked 
| 113|0x0000000091300000, 0x0000000091300000, 0x0000000091400000|  0%| F|  |TAMS 0x0000000091300000, 0x0000000091300000| Untracked 
| 114|0x0000000091400000, 0x0000000091400000, 0x0000000091500000|  0%| F|  |TAMS 0x0000000091400000, 0x0000000091400000| Untracked 
| 115|0x0000000091500000, 0x0000000091500000, 0x0000000091600000|  0%| F|  |TAMS 0x0000000091500000, 0x0000000091500000| Untracked 
| 116|0x0000000091600000, 0x0000000091600000, 0x0000000091700000|  0%| F|  |TAMS 0x0000000091600000, 0x0000000091600000| Untracked 
| 117|0x0000000091700000, 0x0000000091700000, 0x0000000091800000|  0%| F|  |TAMS 0x0000000091700000, 0x0000000091700000| Untracked 
| 118|0x0000000091800000, 0x0000000091800000, 0x0000000091900000|  0%| F|  |TAMS 0x0000000091800000, 0x0000000091800000| Untracked 
| 119|0x0000000091900000, 0x0000000091900000, 0x0000000091a00000|  0%| F|  |TAMS 0x0000000091900000, 0x0000000091900000| Untracked 
| 120|0x0000000091a00000, 0x0000000091a00000, 0x0000000091b00000|  0%| F|  |TAMS 0x0000000091a00000, 0x0000000091a00000| Untracked 
| 121|0x0000000091b00000, 0x0000000091b00000, 0x0000000091c00000|  0%| F|  |TAMS 0x0000000091b00000, 0x0000000091b00000| Untracked 
| 122|0x0000000091c00000, 0x0000000091c00000, 0x0000000091d00000|  0%| F|  |TAMS 0x0000000091c00000, 0x0000000091c00000| Untracked 
| 123|0x0000000091d00000, 0x0000000091d00000, 0x0000000091e00000|  0%| F|  |TAMS 0x0000000091d00000, 0x0000000091d00000| Untracked 
| 124|0x0000000091e00000, 0x0000000091e00000, 0x0000000091f00000|  0%| F|  |TAMS 0x0000000091e00000, 0x0000000091e00000| Untracked 
| 125|0x0000000091f00000, 0x0000000091f00000, 0x0000000092000000|  0%| F|  |TAMS 0x0000000091f00000, 0x0000000091f00000| Untracked 
| 126|0x0000000092000000, 0x0000000092000000, 0x0000000092100000|  0%| F|  |TAMS 0x0000000092000000, 0x0000000092000000| Untracked 
| 127|0x0000000092100000, 0x0000000092100000, 0x0000000092200000|  0%| F|  |TAMS 0x0000000092100000, 0x0000000092100000| Untracked 
| 128|0x0000000092200000, 0x0000000092200000, 0x0000000092300000|  0%| F|  |TAMS 0x0000000092200000, 0x0000000092200000| Untracked 
| 129|0x0000000092300000, 0x0000000092300000, 0x0000000092400000|  0%| F|  |TAMS 0x0000000092300000, 0x0000000092300000| Untracked 
| 130|0x0000000092400000, 0x0000000092400000, 0x0000000092500000|  0%| F|  |TAMS 0x0000000092400000, 0x0000000092400000| Untracked 
| 131|0x0000000092500000, 0x0000000092500000, 0x0000000092600000|  0%| F|  |TAMS 0x0000000092500000, 0x0000000092500000| Untracked 
| 132|0x0000000092600000, 0x0000000092600000, 0x0000000092700000|  0%| F|  |TAMS 0x0000000092600000, 0x0000000092600000| Untracked 
| 133|0x0000000092700000, 0x0000000092700000, 0x0000000092800000|  0%| F|  |TAMS 0x0000000092700000, 0x0000000092700000| Untracked 
| 134|0x0000000092800000, 0x0000000092800000, 0x0000000092900000|  0%| F|  |TAMS 0x0000000092800000, 0x0000000092800000| Untracked 
| 135|0x0000000092900000, 0x00000000929ac800, 0x0000000092a00000| 67%| E|  |TAMS 0x0000000092900000, 0x0000000092900000| Complete 
| 136|0x0000000092a00000, 0x0000000092b00000, 0x0000000092b00000|100%| E|CS|TAMS 0x0000000092a00000, 0x0000000092a00000| Complete 
| 137|0x0000000092b00000, 0x0000000092c00000, 0x0000000092c00000|100%| E|CS|TAMS 0x0000000092b00000, 0x0000000092b00000| Complete 
| 138|0x0000000092c00000, 0x0000000092d00000, 0x0000000092d00000|100%| E|CS|TAMS 0x0000000092c00000, 0x0000000092c00000| Complete 
| 139|0x0000000092d00000, 0x0000000092e00000, 0x0000000092e00000|100%| E|CS|TAMS 0x0000000092d00000, 0x0000000092d00000| Complete 
| 140|0x0000000092e00000, 0x0000000092f00000, 0x0000000092f00000|100%| E|CS|TAMS 0x0000000092e00000, 0x0000000092e00000| Complete 
| 141|0x0000000092f00000, 0x0000000093000000, 0x0000000093000000|100%| E|CS|TAMS 0x0000000092f00000, 0x0000000092f00000| Complete 

Card table byte_map: [0x000001ffb0360000,0x000001ffb0710000] _byte_map_base: 0x000001ffaff0f000

Marking Bits (Prev, Next): (CMBitMap*) 0x000001ff96d034e8, (CMBitMap*) 0x000001ff96d03520
 Prev Bits: [0x000001ffb0ac0000, 0x000001ffb2838000)
 Next Bits: [0x000001ffb2840000, 0x000001ffb45b8000)

Polling page: 0x000001ff96c80000

Metaspace:

Usage:
  Non-class:     35.29 MB capacity,    34.77 MB ( 99%) used,   441.86 KB (  1%) free+waste,    93.88 KB ( <1%) overhead. 
      Class:      4.53 MB capacity,     4.16 MB ( 92%) used,   336.23 KB (  7%) free+waste,    40.81 KB ( <1%) overhead. 
       Both:     39.82 MB capacity,    38.92 MB ( 98%) used,   778.09 KB (  2%) free+waste,   134.69 KB ( <1%) overhead. 

Virtual space:
  Non-class space:       36.00 MB reserved,      35.50 MB ( 99%) committed 
      Class space:        1.00 GB reserved,       4.63 MB ( <1%) committed 
             Both:        1.04 GB reserved,      40.13 MB (  4%) committed 

Chunk freelists:
   Non-Class:  2.88 KB
       Class:  768 bytes
        Both:  3.63 KB

CodeHeap 'non-profiled nmethods': size=120064Kb used=4041Kb max_used=4041Kb free=116022Kb
 bounds [0x000001ffa8450000, 0x000001ffa8850000, 0x000001ffaf990000]
CodeHeap 'profiled nmethods': size=120000Kb used=16517Kb max_used=16517Kb free=103482Kb
 bounds [0x000001ffa0f20000, 0x000001ffa1f50000, 0x000001ffa8450000]
CodeHeap 'non-nmethods': size=5696Kb used=1167Kb max_used=1202Kb free=4528Kb
 bounds [0x000001ffa0990000, 0x000001ffa0c00000, 0x000001ffa0f20000]
 total_blobs=7449 nmethods=6937 adapters=423
 compilation: enabled
              stopped_count=0, restarted_count=0
 full_count=0

Compilation events (10 events):
Event: 14.338 Thread 0x000001ffb6bdd000 6939  s    1       java.lang.StringBuffer::length (5 bytes)
Event: 14.338 Thread 0x000001ffb6bdc000 6940       4       java.nio.CharBuffer::hasArray (20 bytes)
Event: 14.338 Thread 0x000001ffb6bdd000 nmethod 6939 0x000001ffa8841f10 code [0x000001ffa88420a0, 0x000001ffa88422b8]
Event: 14.338 Thread 0x000001ffb6bdc000 nmethod 6940 0x000001ffa8842390 code [0x000001ffa8842520, 0x000001ffa8842598]
Event: 14.339 Thread 0x000001ffb6bdd000 6941       3       java.util.Calendar::internalGet (7 bytes)
Event: 14.339 Thread 0x000001ffb6bdd000 nmethod 6941 0x000001ffa1f37710 code [0x000001ffa1f378c0, 0x000001ffa1f379f8]
Event: 14.339 Thread 0x000001ffb6bdd000 6942       3       org.apache.maven.surefire.stream.EventDecoder::getEncodedMagicNumber (4 bytes)
Event: 14.339 Thread 0x000001ffb6bdd000 nmethod 6942 0x000001ffa1f37b10 code [0x000001ffa1f37ca0, 0x000001ffa1f37db8]
Event: 14.340 Thread 0x000001ffb6bdd000 6943   !   3       org.apache.maven.surefire.stream.EventDecoder::decode (399 bytes)
Event: 14.423 Thread 0x000001ffb6bdc000 6947       4       java.lang.Character::codePointAt (51 bytes)

GC Heap History (10 events):
Event: 6.495 GC heap before
{Heap before GC invocations=6 (full 0):
 garbage-first heap   total 145408K, used 86642K [0x000000008a200000, 0x0000000100000000)
  region size 1024K, 80 young (81920K), 7 survivors (7168K)
 Metaspace       used 34282K, capacity 35144K, committed 35328K, reserved 1081344K
  class space    used 3743K, capacity 4046K, committed 4096K, reserved 1048576K
}
Event: 6.510 GC heap after
{Heap after GC invocations=7 (full 0):
 garbage-first heap   total 145408K, used 30720K [0x000000008a200000, 0x0000000100000000)
  region size 1024K, 10 young (10240K), 10 survivors (10240K)
 Metaspace       used 34282K, capacity 35144K, committed 35328K, reserved 1081344K
  class space    used 3743K, capacity 4046K, committed 4096K, reserved 1048576K
}
Event: 6.547 GC heap before
{Heap before GC invocations=7 (full 0):
 garbage-first heap   total 145408K, used 32768K [0x000000008a200000, 0x0000000100000000)
  region size 1024K, 13 young (13312K), 10 survivors (10240K)
 Metaspace       used 34731K, capacity 35589K, committed 35840K, reserved 1081344K
  class space    used 3800K, capacity 4087K, committed 4096K, reserved 1048576K
}
Event: 6.554 GC heap after
{Heap after GC invocations=8 (full 0):
 garbage-first heap   total 145408K, used 33280K [0x000000008a200000, 0x0000000100000000)
  region size 1024K, 2 young (2048K), 2 survivors (2048K)
 Metaspace       used 34731K, capacity 35589K, committed 35840K, reserved 1081344K
  class space    used 3800K, capacity 4087K, committed 4096K, reserved 1048576K
}
Event: 7.193 GC heap before
{Heap before GC invocations=9 (full 0):
 garbage-first heap   total 145408K, used 75264K [0x000000008a200000, 0x0000000100000000)
  region size 1024K, 43 young (44032K), 2 survivors (2048K)
 Metaspace       used 35084K, capacity 35913K, committed 36224K, reserved 1081344K
  class space    used 3818K, capacity 4152K, committed 4224K, reserved 1048576K
}
Event: 7.201 GC heap after
{Heap after GC invocations=10 (full 0):
 garbage-first heap   total 145408K, used 47104K [0x000000008a200000, 0x0000000100000000)
  region size 1024K, 6 young (6144K), 6 survivors (6144K)
 Metaspace       used 35084K, capacity 35913K, committed 36224K, reserved 1081344K
  class space    used 3818K, capacity 4152K, committed 4224K, reserved 1048576K
}
Event: 7.652 GC heap before
{Heap before GC invocations=10 (full 0):
 garbage-first heap   total 145408K, used 83968K [0x000000008a200000, 0x0000000100000000)
  region size 1024K, 42 young (43008K), 6 survivors (6144K)
 Metaspace       used 36413K, capacity 37305K, committed 37632K, reserved 1083392K
  class space    used 3917K, capacity 4268K, committed 4352K, reserved 1048576K
}
Event: 7.659 GC heap after
{Heap after GC invocations=11 (full 0):
 garbage-first heap   total 145408K, used 49539K [0x000000008a200000, 0x0000000100000000)
  region size 1024K, 6 young (6144K), 6 survivors (6144K)
 Metaspace       used 36413K, capacity 37305K, committed 37632K, reserved 1083392K
  class space    used 3917K, capacity 4268K, committed 4352K, reserved 1048576K
}
Event: 8.442 GC heap before
{Heap before GC invocations=11 (full 0):
 garbage-first heap   total 145408K, used 88451K [0x000000008a200000, 0x0000000100000000)
  region size 1024K, 44 young (45056K), 6 survivors (6144K)
 Metaspace       used 38839K, capacity 39714K, committed 39936K, reserved 1085440K
  class space    used 4139K, capacity 4493K, committed 4608K, reserved 1048576K
}
Event: 8.448 GC heap after
{Heap after GC invocations=12 (full 0):
 garbage-first heap   total 145408K, used 51664K [0x000000008a200000, 0x0000000100000000)
  region size 1024K, 3 young (3072K), 3 survivors (3072K)
 Metaspace       used 38839K, capacity 39714K, committed 39936K, reserved 1085440K
  class space    used 4139K, capacity 4493K, committed 4608K, reserved 1048576K
}

Deoptimization events (10 events):
Event: 14.422 Thread 0x000001ffba0f8000 Uncommon trap: reason=bimorphic_or_optimized_type_check action=maybe_recompile pc=0x000001ffa85edcd8 method=java.util.regex.Matcher.getTextLength()I @ 4 c2
Event: 14.422 Thread 0x000001ffba0f8000 Uncommon trap: reason=bimorphic_or_optimized_type_check action=maybe_recompile pc=0x000001ffa8837f04 method=java.util.regex.Pattern$Branch.match(Ljava/util/regex/Matcher;ILjava/lang/CharSequence;)Z @ 50 c2
Event: 14.422 Thread 0x000001ffba0f8000 Uncommon trap: reason=predicate action=maybe_recompile pc=0x000001ffa866dfd4 method=java.util.regex.Pattern$CharPropertyGreedy.match(Ljava/util/regex/Matcher;ILjava/lang/CharSequence;)Z @ 12 c2
Event: 14.423 Thread 0x000001ffba0f8000 Uncommon trap: reason=bimorphic_or_optimized_type_check action=maybe_recompile pc=0x000001ffa85c4b40 method=java.lang.Character.codePointAt(Ljava/lang/CharSequence;I)I @ 2 c2
Event: 14.423 Thread 0x000001ffba0f8000 Uncommon trap: reason=bimorphic_or_optimized_type_check action=maybe_recompile pc=0x000001ffa85c4b40 method=java.lang.Character.codePointAt(Ljava/lang/CharSequence;I)I @ 2 c2
Event: 14.423 Thread 0x000001ffba0f8000 Uncommon trap: reason=bimorphic_or_optimized_type_check action=maybe_recompile pc=0x000001ffa85c4b40 method=java.lang.Character.codePointAt(Ljava/lang/CharSequence;I)I @ 2 c2
Event: 14.423 Thread 0x000001ffba0f8000 Uncommon trap: reason=bimorphic_or_optimized_type_check action=maybe_recompile pc=0x000001ffa85c4b40 method=java.lang.Character.codePointAt(Ljava/lang/CharSequence;I)I @ 2 c2
Event: 14.423 Thread 0x000001ffba0f8000 Uncommon trap: reason=unstable_if action=reinterpret pc=0x000001ffa860a714 method=java.util.regex.Pattern.lambda$DOT$5(I)Z @ 3 c2
Event: 14.423 Thread 0x000001ffba0f8000 Uncommon trap: reason=bimorphic_or_optimized_type_check action=maybe_recompile pc=0x000001ffa8837fd8 method=java.util.regex.Pattern$Slice.match(Ljava/util/regex/Matcher;ILjava/lang/CharSequence;)Z @ 49 c2
Event: 14.423 Thread 0x000001ffba0f8000 Uncommon trap: reason=bimorphic_or_optimized_type_check action=maybe_recompile pc=0x000001ffa85c6d44 method=java.util.regex.Pattern$BmpCharProperty.match(Ljava/util/regex/Matcher;ILjava/lang/CharSequence;)Z @ 14 c2

Classes redefined (0 events):
No events

Internal exceptions (10 events):
Event: 7.604 Thread 0x000001ff96cc6800 Exception <a 'sun/nio/fs/WindowsException'{0x00000000910733e8}> (0x00000000910733e8) thrown at [./open/src/hotspot/share/prims/jni.cpp, line 611]
Event: 8.012 Thread 0x000001ffbaa85000 Exception <a 'java/lang/NoSuchMethodError'{0x00000000917bd080}: java.lang.invoke.DirectMethodHandle$Holder.invokeStatic(Ljava/lang/Object;Ljava/lang/Object;JLjava/lang/Object;)Ljava/lang/Object;> (0x00000000917bd080) thrown at [./open/src/hotspot/share/in
Event: 8.012 Thread 0x000001ffbaa85000 Exception <a 'java/lang/NoSuchMethodError'{0x00000000917c0160}: java.lang.invoke.DirectMethodHandle$Holder.invokeStaticInit(Ljava/lang/Object;Ljava/lang/Object;JLjava/lang/Object;)Ljava/lang/Object;> (0x00000000917c0160) thrown at [./open/src/hotspot/shar
Event: 8.013 Thread 0x000001ffbaa85000 Exception <a 'java/lang/NoSuchMethodError'{0x00000000917cc248}: java.lang.invoke.Invokers$Holder.linkToTargetMethod(Ljava/lang/Object;JLjava/lang/Object;)Ljava/lang/Object;> (0x00000000917cc248) thrown at [./open/src/hotspot/share/interpreter/linkResolver
Event: 8.037 Thread 0x000001ff96cc6800 Exception <a 'java/lang/NoSuchMethodError'{0x000000009132d350}: java.lang.invoke.DirectMethodHandle$Holder.invokeInterface(Ljava/lang/Object;Ljava/lang/Object;)I> (0x000000009132d350) thrown at [./open/src/hotspot/share/interpreter/linkResolver.cpp, line 
Event: 8.329 Thread 0x000001ff96cc6800 Exception <a 'java/lang/NoSuchMethodError'{0x000000009123d4b8}: java.lang.invoke.DirectMethodHandle$Holder.invokeStaticInit(Ljava/lang/Object;Ljava/lang/Object;IIII)Ljava/lang/Object;> (0x000000009123d4b8) thrown at [./open/src/hotspot/share/interpreter/l
Event: 8.565 Thread 0x000001ff96cc6800 Exception <a 'java/lang/NoSuchMethodError'{0x0000000092c5beb0}: java.lang.invoke.DirectMethodHandle$Holder.invokeStatic(Ljava/lang/Object;J)V> (0x0000000092c5beb0) thrown at [./open/src/hotspot/share/interpreter/linkResolver.cpp, line 772]
Event: 8.565 Thread 0x000001ff96cc6800 Exception <a 'java/lang/NoSuchMethodError'{0x0000000092c60f80}: java.lang.invoke.DirectMethodHandle$Holder.invokeStatic(Ljava/lang/Object;J)Ljava/lang/Object;> (0x0000000092c60f80) thrown at [./open/src/hotspot/share/interpreter/linkResolver.cpp, line 772
Event: 8.566 Thread 0x000001ff96cc6800 Exception <a 'java/lang/NoSuchMethodError'{0x0000000092c642a8}: java.lang.invoke.DirectMethodHandle$Holder.invokeSpecial(Ljava/lang/Object;Ljava/lang/Object;J)Ljava/lang/Object;> (0x0000000092c642a8) thrown at [./open/src/hotspot/share/interpreter/linkRes
Event: 8.566 Thread 0x000001ff96cc6800 Exception <a 'java/lang/NoSuchMethodError'{0x0000000092c67010}: java.lang.invoke.Invokers$Holder.linkToTargetMethod(JLjava/lang/Object;)Ljava/lang/Object;> (0x0000000092c67010) thrown at [./open/src/hotspot/share/interpreter/linkResolver.cpp, line 772]

Events (10 events):
Event: 14.423 Thread 0x000001ffba0f8000 Uncommon trap: trap_request=0xffffff4d fr.pc=0x000001ffa860a714 relative=0x0000000000000074
Event: 14.423 Thread 0x000001ffba0f8000 DEOPT PACKING pc=0x000001ffa860a714 sp=0x0000009fe90feeb0
Event: 14.423 Thread 0x000001ffba0f8000 DEOPT UNPACKING pc=0x000001ffa09b662f sp=0x0000009fe90fede8 mode 2
Event: 14.423 Thread 0x000001ffba0f8000 Uncommon trap: trap_request=0xffffffc6 fr.pc=0x000001ffa8837fd8 relative=0x0000000000000478
Event: 14.423 Thread 0x000001ffba0f8000 DEOPT PACKING pc=0x000001ffa8837fd8 sp=0x0000009fe90fee10
Event: 14.423 Thread 0x000001ffba0f8000 DEOPT UNPACKING pc=0x000001ffa09b662f sp=0x0000009fe90fed38 mode 2
Event: 14.423 Thread 0x000001ffba0f8000 Uncommon trap: trap_request=0xffffffc6 fr.pc=0x000001ffa85c6d44 relative=0x0000000000000204
Event: 14.423 Thread 0x000001ffba0f8000 DEOPT PACKING pc=0x000001ffa85c6d44 sp=0x0000009fe90fed80
Event: 14.423 Thread 0x000001ffba0f8000 DEOPT UNPACKING pc=0x000001ffa09b662f sp=0x0000009fe90fed40 mode 2
Event: 14.423 loading class java/util/regex/Matcher$ImmutableMatchResult


Dynamic libraries:
0x00007ff631310000 - 0x00007ff63131f000 	C:\Program Files\Java\jdk-11.0.12\bin\java.exe
0x00007ffb33f40000 - 0x00007ffb341a8000 	C:\WINDOWS\SYSTEM32\ntdll.dll
0x00007ffb327b0000 - 0x00007ffb32879000 	C:\WINDOWS\System32\KERNEL32.DLL
0x00007ffb31580000 - 0x00007ffb3196d000 	C:\WINDOWS\System32\KERNELBASE.dll
0x00007ffb311d0000 - 0x00007ffb3131b000 	C:\WINDOWS\System32\ucrtbase.dll
0x00007ffb24e00000 - 0x00007ffb24e18000 	C:\Program Files\Java\jdk-11.0.12\bin\jli.dll
0x00007ffb237a0000 - 0x00007ffb237b5000 	C:\Program Files\Java\jdk-11.0.12\bin\VCRUNTIME140.dll
0x00007ffb32470000 - 0x00007ffb32524000 	C:\WINDOWS\System32\ADVAPI32.dll
0x00007ffb33250000 - 0x00007ffb332f9000 	C:\WINDOWS\System32\msvcrt.dll
0x00007ffb33160000 - 0x00007ffb33206000 	C:\WINDOWS\System32\sechost.dll
0x00007ffb32d90000 - 0x00007ffb32ea8000 	C:\WINDOWS\System32\RPCRT4.dll
0x00007ffb335d0000 - 0x00007ffb3379c000 	C:\WINDOWS\System32\USER32.dll
0x00007ffb313d0000 - 0x00007ffb313f7000 	C:\WINDOWS\System32\win32u.dll
0x00007ffb32780000 - 0x00007ffb327ab000 	C:\WINDOWS\System32\GDI32.dll
0x00007ffb20360000 - 0x00007ffb205fa000 	C:\WINDOWS\WinSxS\amd64_microsoft.windows.common-controls_6595b64144ccf1df_6.0.26100.4484_none_3e0e6d4ce32ef3b3\COMCTL32.dll
0x00007ffb31090000 - 0x00007ffb311c7000 	C:\WINDOWS\System32\gdi32full.dll
0x00007ffb31320000 - 0x00007ffb313c3000 	C:\WINDOWS\System32\msvcp_win.dll
0x00007ffb29850000 - 0x00007ffb2985b000 	C:\WINDOWS\SYSTEM32\VERSION.dll
0x00007ffb33210000 - 0x00007ffb3323f000 	C:\WINDOWS\System32\IMM32.DLL
0x00007ffb06150000 - 0x00007ffb061eb000 	C:\Program Files\Java\jdk-11.0.12\bin\msvcp140.dll
0x00007ffa89330000 - 0x00007ffa89e2f000 	C:\Program Files\Java\jdk-11.0.12\bin\server\jvm.dll
0x00007ffb31d50000 - 0x00007ffb31d58000 	C:\WINDOWS\System32\PSAPI.DLL
0x00007ffb176e0000 - 0x00007ffb176ea000 	C:\WINDOWS\SYSTEM32\WSOCK32.dll
0x00007ffb29810000 - 0x00007ffb29845000 	C:\WINDOWS\SYSTEM32\WINMM.dll
0x00007ffb333e0000 - 0x00007ffb33454000 	C:\WINDOWS\System32\WS2_32.dll
0x00007ffb2fdd0000 - 0x00007ffb2fdeb000 	C:\WINDOWS\SYSTEM32\kernel.appcore.dll
0x00007ffb2db90000 - 0x00007ffb2dba0000 	C:\Program Files\Java\jdk-11.0.12\bin\verify.dll
0x00007ffb2e900000 - 0x00007ffb2eb41000 	C:\WINDOWS\SYSTEM32\DBGHELP.DLL
0x00007ffb31d60000 - 0x00007ffb320e6000 	C:\WINDOWS\System32\combase.dll
0x00007ffb33490000 - 0x00007ffb33570000 	C:\WINDOWS\System32\OLEAUT32.dll
0x00007ffb1b6d0000 - 0x00007ffb1b713000 	C:\WINDOWS\SYSTEM32\dbgcore.DLL
0x00007ffb31970000 - 0x00007ffb31a09000 	C:\WINDOWS\System32\bcryptPrimitives.dll
0x00007ffb21ec0000 - 0x00007ffb21ee8000 	C:\Program Files\Java\jdk-11.0.12\bin\java.dll
0x00007ffb2d9b0000 - 0x00007ffb2d9ba000 	C:\Program Files\Java\jdk-11.0.12\bin\jimage.dll
0x00007ffb22910000 - 0x00007ffb22926000 	C:\Program Files\Java\jdk-11.0.12\bin\zip.dll
0x00007ffb337b0000 - 0x00007ffb33efa000 	C:\WINDOWS\System32\SHELL32.dll
0x00007ffb31b60000 - 0x00007ffb31cd4000 	C:\WINDOWS\System32\wintypes.dll
0x00007ffb2ecd0000 - 0x00007ffb2f52b000 	C:\WINDOWS\SYSTEM32\windows.storage.dll
0x00007ffb325c0000 - 0x00007ffb326b5000 	C:\WINDOWS\System32\SHCORE.dll
0x00007ffb31ce0000 - 0x00007ffb31d4a000 	C:\WINDOWS\System32\shlwapi.dll
0x00007ffb30fa0000 - 0x00007ffb30fcf000 	C:\WINDOWS\SYSTEM32\profapi.dll
0x00007ffb21ca0000 - 0x00007ffb21cb9000 	C:\Program Files\Java\jdk-11.0.12\bin\net.dll
0x00007ffb26a60000 - 0x00007ffb26b7e000 	C:\WINDOWS\SYSTEM32\WINHTTP.dll
0x00007ffb303c0000 - 0x00007ffb3042a000 	C:\WINDOWS\system32\mswsock.dll
0x00007ffb21c80000 - 0x00007ffb21c92000 	C:\Program Files\Java\jdk-11.0.12\bin\nio.dll
0x00007ffb1b4b0000 - 0x00007ffb1b4d4000 	C:\Users\nini\Downloads\apache-maven-3.9.11-bin\apache-maven-3.9.11\lib\jansi-native\Windows\x86_64\jansi.dll
0x00007ffb30680000 - 0x00007ffb3069b000 	C:\WINDOWS\SYSTEM32\CRYPTSP.dll
0x00007ffb2fd90000 - 0x00007ffb2fdcb000 	C:\WINDOWS\system32\rsaenh.dll
0x00007ffb30460000 - 0x00007ffb3048b000 	C:\WINDOWS\SYSTEM32\USERENV.dll
0x00007ffb30f70000 - 0x00007ffb30f96000 	C:\WINDOWS\SYSTEM32\bcrypt.dll
0x00007ffb30670000 - 0x00007ffb3067c000 	C:\WINDOWS\SYSTEM32\CRYPTBASE.dll
0x00007ffb2f840000 - 0x00007ffb2f873000 	C:\WINDOWS\SYSTEM32\IPHLPAPI.DLL
0x00007ffb32770000 - 0x00007ffb3277a000 	C:\WINDOWS\System32\NSI.dll
0x00007ffb26be0000 - 0x00007ffb26bff000 	C:\WINDOWS\SYSTEM32\dhcpcsvc6.DLL
0x00007ffb26bb0000 - 0x00007ffb26bd5000 	C:\WINDOWS\SYSTEM32\dhcpcsvc.DLL
0x00007ffb2f8d0000 - 0x00007ffb2f9f6000 	C:\WINDOWS\SYSTEM32\DNSAPI.dll

dbghelp: loaded successfully - version: 4.0.5 - missing functions: none
symbol engine: initialized successfully - sym options: 0x614 - pdb path: .;C:\Program Files\Java\jdk-11.0.12\bin;C:\WINDOWS\SYSTEM32;C:\WINDOWS\WinSxS\amd64_microsoft.windows.common-controls_6595b64144ccf1df_6.0.26100.4484_none_3e0e6d4ce32ef3b3;C:\Program Files\Java\jdk-11.0.12\bin\server;C:\Users\nini\Downloads\apache-maven-3.9.11-bin\apache-maven-3.9.11\lib\jansi-native\Windows\x86_64

VM Arguments:
jvm_args: -Dclassworlds.conf=C:\Users\nini\Downloads\apache-maven-3.9.11-bin\apache-maven-3.9.11\bin\m2.conf -Dmaven.home=C:\Users\nini\Downloads\apache-maven-3.9.11-bin\apache-maven-3.9.11 -Dlibrary.jansi.path=C:\Users\nini\Downloads\apache-maven-3.9.11-bin\apache-maven-3.9.11\lib\jansi-native -Dmaven.multiModuleProjectDirectory=C:\Users\nini\IdeaProjects\EmployeeLogin 
java_command: org.codehaus.plexus.classworlds.launcher.Launcher clean test
java_class_path (initial): C:\Users\nini\Downloads\apache-maven-3.9.11-bin\apache-maven-3.9.11\boot\plexus-classworlds-2.9.0.jar
Launcher Type: SUN_STANDARD

[Global flags]
     intx CICompilerCount                          = 3                                         {product} {ergonomic}
     uint ConcGCThreads                            = 1                                         {product} {ergonomic}
     uint G1ConcRefinementThreads                  = 4                                         {product} {ergonomic}
   size_t G1HeapRegionSize                         = 1048576                                   {product} {ergonomic}
    uintx GCDrainStackTargetSize                   = 64                                        {product} {ergonomic}
   size_t InitialHeapSize                          = 123731968                                 {product} {ergonomic}
   size_t MarkStackSize                            = 4194304                                   {product} {ergonomic}
   size_t MaxHeapSize                              = 1977614336                                {product} {ergonomic}
   size_t MaxNewSize                               = 1185939456                                {product} {ergonomic}
   size_t MinHeapDeltaBytes                        = 1048576                                   {product} {ergonomic}
    uintx NonNMethodCodeHeapSize                   = 5830732                                {pd product} {ergonomic}
    uintx NonProfiledCodeHeapSize                  = 122913754                              {pd product} {ergonomic}
    uintx ProfiledCodeHeapSize                     = 122913754                              {pd product} {ergonomic}
    uintx ReservedCodeCacheSize                    = 251658240                              {pd product} {ergonomic}
     bool SegmentedCodeCache                       = true                                      {product} {ergonomic}
     bool UseCompressedClassPointers               = true                                 {lp64_product} {ergonomic}
     bool UseCompressedOops                        = true                                 {lp64_product} {ergonomic}
     bool UseG1GC                                  = true                                      {product} {ergonomic}
     bool UseLargePagesIndividualAllocation        = false                                  {pd product} {ergonomic}

Logging:
Log output configuration:
 #0: stdout all=warning uptime,level,tags
 #1: stderr all=off uptime,level,tags

Environment Variables:
PATH=C:\Program Files\Common Files\Oracle\Java\javapath;C:\Program Files (x86)\Common Files\Oracle\Java\javapath;C:\WINDOWS\system32;C:\WINDOWS;C:\WINDOWS\System32\Wbem;C:\WINDOWS\System32\WindowsPowerShell\v1.0\;C:\WINDOWS\System32\OpenSSH\;C:\Program Files (x86)\HP\Common\HPDestPlgIn\;C:\Program Files\Java\jdk-11.0.12\bin;C:\Program Files\dotnet\;C:\Users\nini\Downloads\apache-maven-3.9.11-bin\apache-maven-3.9.11\bin;C:\Users\nini\Downloads\allure-2.34.1\allure-2.34.1\bin;C:\Users\nini\AppData\Local\Programs\Python\Python313\Scripts\;C:\Users\nini\AppData\Local\Programs\Python\Python313\;C:\Users\nini\AppData\Local\Microsoft\WindowsApps;
USERNAME=nini
OS=Windows_NT
PROCESSOR_IDENTIFIER=AMD64 Family 23 Model 96 Stepping 1, AuthenticAMD



---------------  S Y S T E M  ---------------

OS: Windows 10 , 64 bit Build 26100 (10.0.26100.4484)
Hyper-V role detected

CPU:total 4 (initial active 4) (4 cores per cpu, 1 threads per core) family 23 model 96 stepping 1 microcode 0x8600106, cmov, cx8, fxsr, mmx, sse, sse2, sse3, ssse3, sse4.1, sse4.2, popcnt, avx, avx2, aes, clmul, mmxext, 3dnowpref, lzcnt, sse4a, tsc, tscinvbit, tscinv, bmi1, bmi2, adx,

Memory: 4k page, system-wide physical 7543M (609M free)
TotalPageFile size 16292M (AvailPageFile size 0M)
current process WorkingSet (physical memory assigned to process): 269M, peak: 293M
current process commit charge ("private bytes"): 301M, peak: 318M

vm_info: Java HotSpot(TM) 64-Bit Server VM (11.0.12+8-LTS-237) for windows-amd64 JRE (11.0.12+8-LTS-237), built on Jun  8 2021 11:25:59 by "mach5one" with MS VC++ 15.9 (VS2017)

END.
